<testsuites id="" name="" tests="40" failures="39" skipped="0" errors="0" time="603.609094">
<testsuite name="auth\login.spec.ts" timestamp="2026-03-16T10:32:48.528Z" hostname="chromium" tests="12" failures="11" skipped="0" time="144.311" errors="0">
<testcase name="Authentication Flow › should display login page correctly" classname="auth\login.spec.ts" time="13.032">
<failure message="login.spec.ts:26:7 should display login page correctly" type="FAILURE">
<![CDATA[  [chromium] › auth\login.spec.ts:26:7 › Authentication Flow › should display login page correctly ─

    Error: expect(locator).toBeVisible() failed

    Locator: locator('[data-testid="email-input"]')
    Expected: visible
    Timeout: 10000ms
    Error: element(s) not found

    Call log:
      - Expect "toBeVisible" with timeout 10000ms
      - waiting for locator('[data-testid="email-input"]')


      30 |
      31 |     // Verify form elements are visible
    > 32 |     await expect(loginPage.emailInput).toBeVisible();
         |                                        ^
      33 |     await expect(loginPage.passwordInput).toBeVisible();
      34 |     await expect(loginPage.submitButton).toBeVisible();
      35 |   });
        at E:\GitHub\Kiro AI Team\smart-erp\tests\e2e\auth\login.spec.ts:32:40

    attachment #1: screenshot (image/png) ──────────────────────────────────────────────────────────
    ..\..\test-results\auth-login-Authentication--e6728-isplay-login-page-correctly-chromium\test-failed-1.png
    ────────────────────────────────────────────────────────────────────────────────────────────────

    attachment #2: video (video/webm) ──────────────────────────────────────────────────────────────
    ..\..\test-results\auth-login-Authentication--e6728-isplay-login-page-correctly-chromium\video.webm
    ────────────────────────────────────────────────────────────────────────────────────────────────

    Error Context: ..\..\test-results\auth-login-Authentication--e6728-isplay-login-page-correctly-chromium\error-context.md
]]>
</failure>
<system-out>
<![CDATA[
[[ATTACHMENT|test-results\auth-login-Authentication--e6728-isplay-login-page-correctly-chromium\test-failed-1.png]]

[[ATTACHMENT|test-results\auth-login-Authentication--e6728-isplay-login-page-correctly-chromium\video.webm]]

[[ATTACHMENT|test-results\auth-login-Authentication--e6728-isplay-login-page-correctly-chromium\error-context.md]]
]]>
</system-out>
</testcase>
<testcase name="Authentication Flow › should login successfully with valid credentials" classname="auth\login.spec.ts" time="12.862">
<failure message="login.spec.ts:37:7 should login successfully with valid credentials" type="FAILURE">
<![CDATA[  [chromium] › auth\login.spec.ts:37:7 › Authentication Flow › should login successfully with valid credentials 

    TimeoutError: locator.waitFor: Timeout 10000ms exceeded.
    Call log:
      - waiting for locator('[data-testid="email-input"]') to be visible


       at ..\pages\BasePage.ts:53

      51 |    */
      52 |   async fillInput(locator: Locator, value: string) {
    > 53 |     await locator.waitFor({ state: 'visible' });
         |                   ^
      54 |     await locator.clear();
      55 |     await locator.fill(value);
      56 |   }
        at LoginPage.fillInput (E:\GitHub\Kiro AI Team\smart-erp\tests\pages\BasePage.ts:53:19)
        at LoginPage.login (E:\GitHub\Kiro AI Team\smart-erp\tests\pages\LoginPage.ts:51:16)
        at E:\GitHub\Kiro AI Team\smart-erp\tests\e2e\auth\login.spec.ts:39:21

    attachment #1: screenshot (image/png) ──────────────────────────────────────────────────────────
    ..\..\test-results\auth-login-Authentication--2674e-ully-with-valid-credentials-chromium\test-failed-1.png
    ────────────────────────────────────────────────────────────────────────────────────────────────

    attachment #2: video (video/webm) ──────────────────────────────────────────────────────────────
    ..\..\test-results\auth-login-Authentication--2674e-ully-with-valid-credentials-chromium\video.webm
    ────────────────────────────────────────────────────────────────────────────────────────────────

    Error Context: ..\..\test-results\auth-login-Authentication--2674e-ully-with-valid-credentials-chromium\error-context.md
]]>
</failure>
<system-out>
<![CDATA[
[[ATTACHMENT|test-results\auth-login-Authentication--2674e-ully-with-valid-credentials-chromium\test-failed-1.png]]

[[ATTACHMENT|test-results\auth-login-Authentication--2674e-ully-with-valid-credentials-chromium\video.webm]]

[[ATTACHMENT|test-results\auth-login-Authentication--2674e-ully-with-valid-credentials-chromium\error-context.md]]
]]>
</system-out>
</testcase>
<testcase name="Authentication Flow › should show error for invalid credentials" classname="auth\login.spec.ts" time="12.86">
<failure message="login.spec.ts:52:7 should show error for invalid credentials" type="FAILURE">
<![CDATA[  [chromium] › auth\login.spec.ts:52:7 › Authentication Flow › should show error for invalid credentials 

    TimeoutError: locator.waitFor: Timeout 10000ms exceeded.
    Call log:
      - waiting for locator('[data-testid="email-input"]') to be visible


       at ..\pages\BasePage.ts:53

      51 |    */
      52 |   async fillInput(locator: Locator, value: string) {
    > 53 |     await locator.waitFor({ state: 'visible' });
         |                   ^
      54 |     await locator.clear();
      55 |     await locator.fill(value);
      56 |   }
        at LoginPage.fillInput (E:\GitHub\Kiro AI Team\smart-erp\tests\pages\BasePage.ts:53:19)
        at LoginPage.login (E:\GitHub\Kiro AI Team\smart-erp\tests\pages\LoginPage.ts:51:16)
        at E:\GitHub\Kiro AI Team\smart-erp\tests\e2e\auth\login.spec.ts:54:21

    attachment #1: screenshot (image/png) ──────────────────────────────────────────────────────────
    ..\..\test-results\auth-login-Authentication--99b6a-ror-for-invalid-credentials-chromium\test-failed-1.png
    ────────────────────────────────────────────────────────────────────────────────────────────────

    attachment #2: video (video/webm) ──────────────────────────────────────────────────────────────
    ..\..\test-results\auth-login-Authentication--99b6a-ror-for-invalid-credentials-chromium\video.webm
    ────────────────────────────────────────────────────────────────────────────────────────────────

    Error Context: ..\..\test-results\auth-login-Authentication--99b6a-ror-for-invalid-credentials-chromium\error-context.md
]]>
</failure>
<system-out>
<![CDATA[
[[ATTACHMENT|test-results\auth-login-Authentication--99b6a-ror-for-invalid-credentials-chromium\test-failed-1.png]]

[[ATTACHMENT|test-results\auth-login-Authentication--99b6a-ror-for-invalid-credentials-chromium\video.webm]]

[[ATTACHMENT|test-results\auth-login-Authentication--99b6a-ror-for-invalid-credentials-chromium\error-context.md]]
]]>
</system-out>
</testcase>
<testcase name="Authentication Flow › should show error for invalid email format" classname="auth\login.spec.ts" time="12.944">
<failure message="login.spec.ts:66:7 should show error for invalid email format" type="FAILURE">
<![CDATA[  [chromium] › auth\login.spec.ts:66:7 › Authentication Flow › should show error for invalid email format 

    TimeoutError: locator.fill: Timeout 10000ms exceeded.
    Call log:
      - waiting for locator('[data-testid="email-input"]')


      66 |   test('should show error for invalid email format', async ({ page }) => {
      67 |     // Fill invalid email
    > 68 |     await loginPage.emailInput.fill('invalid-email');
         |                                ^
      69 |     await loginPage.passwordInput.fill('password123');
      70 |     await loginPage.submitButton.click();
      71 |
        at E:\GitHub\Kiro AI Team\smart-erp\tests\e2e\auth\login.spec.ts:68:32

    attachment #1: screenshot (image/png) ──────────────────────────────────────────────────────────
    ..\..\test-results\auth-login-Authentication--231d7-or-for-invalid-email-format-chromium\test-failed-1.png
    ────────────────────────────────────────────────────────────────────────────────────────────────

    attachment #2: video (video/webm) ──────────────────────────────────────────────────────────────
    ..\..\test-results\auth-login-Authentication--231d7-or-for-invalid-email-format-chromium\video.webm
    ────────────────────────────────────────────────────────────────────────────────────────────────

    Error Context: ..\..\test-results\auth-login-Authentication--231d7-or-for-invalid-email-format-chromium\error-context.md
]]>
</failure>
<system-out>
<![CDATA[
[[ATTACHMENT|test-results\auth-login-Authentication--231d7-or-for-invalid-email-format-chromium\test-failed-1.png]]

[[ATTACHMENT|test-results\auth-login-Authentication--231d7-or-for-invalid-email-format-chromium\video.webm]]

[[ATTACHMENT|test-results\auth-login-Authentication--231d7-or-for-invalid-email-format-chromium\error-context.md]]
]]>
</system-out>
</testcase>
<testcase name="Authentication Flow › should show error for missing password" classname="auth\login.spec.ts" time="12.856">
<failure message="login.spec.ts:78:7 should show error for missing password" type="FAILURE">
<![CDATA[  [chromium] › auth\login.spec.ts:78:7 › Authentication Flow › should show error for missing password 

    TimeoutError: locator.fill: Timeout 10000ms exceeded.
    Call log:
      - waiting for locator('[data-testid="email-input"]')


      78 |   test('should show error for missing password', async ({ page }) => {
      79 |     // Fill email only
    > 80 |     await loginPage.emailInput.fill('admin@test.com');
         |                                ^
      81 |     await loginPage.submitButton.click();
      82 |
      83 |     // Verify validation error
        at E:\GitHub\Kiro AI Team\smart-erp\tests\e2e\auth\login.spec.ts:80:32

    attachment #1: screenshot (image/png) ──────────────────────────────────────────────────────────
    ..\..\test-results\auth-login-Authentication--3da9d--error-for-missing-password-chromium\test-failed-1.png
    ────────────────────────────────────────────────────────────────────────────────────────────────

    attachment #2: video (video/webm) ──────────────────────────────────────────────────────────────
    ..\..\test-results\auth-login-Authentication--3da9d--error-for-missing-password-chromium\video.webm
    ────────────────────────────────────────────────────────────────────────────────────────────────

    Error Context: ..\..\test-results\auth-login-Authentication--3da9d--error-for-missing-password-chromium\error-context.md
]]>
</failure>
<system-out>
<![CDATA[
[[ATTACHMENT|test-results\auth-login-Authentication--3da9d--error-for-missing-password-chromium\test-failed-1.png]]

[[ATTACHMENT|test-results\auth-login-Authentication--3da9d--error-for-missing-password-chromium\video.webm]]

[[ATTACHMENT|test-results\auth-login-Authentication--3da9d--error-for-missing-password-chromium\error-context.md]]
]]>
</system-out>
</testcase>
<testcase name="Authentication Flow › should show error for short password" classname="auth\login.spec.ts" time="12.894">
<failure message="login.spec.ts:88:7 should show error for short password" type="FAILURE">
<![CDATA[  [chromium] › auth\login.spec.ts:88:7 › Authentication Flow › should show error for short password 

    TimeoutError: locator.fill: Timeout 10000ms exceeded.
    Call log:
      - waiting for locator('[data-testid="email-input"]')


      88 |   test('should show error for short password', async ({ page }) => {
      89 |     // Fill short password
    > 90 |     await loginPage.emailInput.fill('admin@test.com');
         |                                ^
      91 |     await loginPage.passwordInput.fill('12345');
      92 |     await loginPage.submitButton.click();
      93 |
        at E:\GitHub\Kiro AI Team\smart-erp\tests\e2e\auth\login.spec.ts:90:32

    attachment #1: screenshot (image/png) ──────────────────────────────────────────────────────────
    ..\..\test-results\auth-login-Authentication--6d679-ow-error-for-short-password-chromium\test-failed-1.png
    ────────────────────────────────────────────────────────────────────────────────────────────────

    attachment #2: video (video/webm) ──────────────────────────────────────────────────────────────
    ..\..\test-results\auth-login-Authentication--6d679-ow-error-for-short-password-chromium\video.webm
    ────────────────────────────────────────────────────────────────────────────────────────────────

    Error Context: ..\..\test-results\auth-login-Authentication--6d679-ow-error-for-short-password-chromium\error-context.md
]]>
</failure>
<system-out>
<![CDATA[
[[ATTACHMENT|test-results\auth-login-Authentication--6d679-ow-error-for-short-password-chromium\test-failed-1.png]]

[[ATTACHMENT|test-results\auth-login-Authentication--6d679-ow-error-for-short-password-chromium\video.webm]]

[[ATTACHMENT|test-results\auth-login-Authentication--6d679-ow-error-for-short-password-chromium\error-context.md]]
]]>
</system-out>
</testcase>
<testcase name="Authentication Flow › should disable submit button while loading" classname="auth\login.spec.ts" time="12.98">
<failure message="login.spec.ts:99:7 should disable submit button while loading" type="FAILURE">
<![CDATA[  [chromium] › auth\login.spec.ts:99:7 › Authentication Flow › should disable submit button while loading 

    TimeoutError: locator.fill: Timeout 10000ms exceeded.
    Call log:
      - waiting for locator('[data-testid="email-input"]')


       99 |   test('should disable submit button while loading', async ({ page }) => {
      100 |     // Start login
    > 101 |     await loginPage.emailInput.fill('admin@test.com');
          |                                ^
      102 |     await loginPage.passwordInput.fill('admin123');
      103 |     
      104 |     // Click submit and immediately check if disabled
        at E:\GitHub\Kiro AI Team\smart-erp\tests\e2e\auth\login.spec.ts:101:32

    attachment #1: screenshot (image/png) ──────────────────────────────────────────────────────────
    ..\..\test-results\auth-login-Authentication--3dc5a-submit-button-while-loading-chromium\test-failed-1.png
    ────────────────────────────────────────────────────────────────────────────────────────────────

    attachment #2: video (video/webm) ──────────────────────────────────────────────────────────────
    ..\..\test-results\auth-login-Authentication--3dc5a-submit-button-while-loading-chromium\video.webm
    ────────────────────────────────────────────────────────────────────────────────────────────────

    Error Context: ..\..\test-results\auth-login-Authentication--3dc5a-submit-button-while-loading-chromium\error-context.md
]]>
</failure>
<system-out>
<![CDATA[
[[ATTACHMENT|test-results\auth-login-Authentication--3dc5a-submit-button-while-loading-chromium\test-failed-1.png]]

[[ATTACHMENT|test-results\auth-login-Authentication--3dc5a-submit-button-while-loading-chromium\video.webm]]

[[ATTACHMENT|test-results\auth-login-Authentication--3dc5a-submit-button-while-loading-chromium\error-context.md]]
]]>
</system-out>
</testcase>
<testcase name="Authentication Flow › should remember email when remember me is checked" classname="auth\login.spec.ts" time="12.944">
<failure message="login.spec.ts:113:7 should remember email when remember me is checked" type="FAILURE">
<![CDATA[  [chromium] › auth\login.spec.ts:113:7 › Authentication Flow › should remember email when remember me is checked 

    TimeoutError: locator.waitFor: Timeout 10000ms exceeded.
    Call log:
      - waiting for locator('[data-testid="email-input"]') to be visible


       at ..\pages\BasePage.ts:53

      51 |    */
      52 |   async fillInput(locator: Locator, value: string) {
    > 53 |     await locator.waitFor({ state: 'visible' });
         |                   ^
      54 |     await locator.clear();
      55 |     await locator.fill(value);
      56 |   }
        at LoginPage.fillInput (E:\GitHub\Kiro AI Team\smart-erp\tests\pages\BasePage.ts:53:19)
        at LoginPage.login (E:\GitHub\Kiro AI Team\smart-erp\tests\pages\LoginPage.ts:51:16)
        at E:\GitHub\Kiro AI Team\smart-erp\tests\e2e\auth\login.spec.ts:115:21

    attachment #1: screenshot (image/png) ──────────────────────────────────────────────────────────
    ..\..\test-results\auth-login-Authentication--86911-when-remember-me-is-checked-chromium\test-failed-1.png
    ────────────────────────────────────────────────────────────────────────────────────────────────

    attachment #2: video (video/webm) ──────────────────────────────────────────────────────────────
    ..\..\test-results\auth-login-Authentication--86911-when-remember-me-is-checked-chromium\video.webm
    ────────────────────────────────────────────────────────────────────────────────────────────────

    Error Context: ..\..\test-results\auth-login-Authentication--86911-when-remember-me-is-checked-chromium\error-context.md
]]>
</failure>
<system-out>
<![CDATA[
[[ATTACHMENT|test-results\auth-login-Authentication--86911-when-remember-me-is-checked-chromium\test-failed-1.png]]

[[ATTACHMENT|test-results\auth-login-Authentication--86911-when-remember-me-is-checked-chromium\video.webm]]

[[ATTACHMENT|test-results\auth-login-Authentication--86911-when-remember-me-is-checked-chromium\error-context.md]]
]]>
</system-out>
</testcase>
<testcase name="Authentication Flow › should not remember email when remember me is unchecked" classname="auth\login.spec.ts" time="12.915">
<failure message="login.spec.ts:128:7 should not remember email when remember me is unchecked" type="FAILURE">
<![CDATA[  [chromium] › auth\login.spec.ts:128:7 › Authentication Flow › should not remember email when remember me is unchecked 

    TimeoutError: locator.waitFor: Timeout 10000ms exceeded.
    Call log:
      - waiting for locator('[data-testid="email-input"]') to be visible


       at ..\pages\BasePage.ts:53

      51 |    */
      52 |   async fillInput(locator: Locator, value: string) {
    > 53 |     await locator.waitFor({ state: 'visible' });
         |                   ^
      54 |     await locator.clear();
      55 |     await locator.fill(value);
      56 |   }
        at LoginPage.fillInput (E:\GitHub\Kiro AI Team\smart-erp\tests\pages\BasePage.ts:53:19)
        at LoginPage.login (E:\GitHub\Kiro AI Team\smart-erp\tests\pages\LoginPage.ts:51:16)
        at E:\GitHub\Kiro AI Team\smart-erp\tests\e2e\auth\login.spec.ts:133:21

    attachment #1: screenshot (image/png) ──────────────────────────────────────────────────────────
    ..\..\test-results\auth-login-Authentication--dcc8f-en-remember-me-is-unchecked-chromium\test-failed-1.png
    ────────────────────────────────────────────────────────────────────────────────────────────────

    attachment #2: video (video/webm) ──────────────────────────────────────────────────────────────
    ..\..\test-results\auth-login-Authentication--dcc8f-en-remember-me-is-unchecked-chromium\video.webm
    ────────────────────────────────────────────────────────────────────────────────────────────────

    Error Context: ..\..\test-results\auth-login-Authentication--dcc8f-en-remember-me-is-unchecked-chromium\error-context.md
]]>
</failure>
<system-out>
<![CDATA[
[[ATTACHMENT|test-results\auth-login-Authentication--dcc8f-en-remember-me-is-unchecked-chromium\test-failed-1.png]]

[[ATTACHMENT|test-results\auth-login-Authentication--dcc8f-en-remember-me-is-unchecked-chromium\video.webm]]

[[ATTACHMENT|test-results\auth-login-Authentication--dcc8f-en-remember-me-is-unchecked-chromium\error-context.md]]
]]>
</system-out>
</testcase>
<testcase name="Authentication Flow › should logout successfully" classname="auth\login.spec.ts" time="12.871">
<failure message="login.spec.ts:146:7 should logout successfully" type="FAILURE">
<![CDATA[  [chromium] › auth\login.spec.ts:146:7 › Authentication Flow › should logout successfully ─────────

    TimeoutError: locator.waitFor: Timeout 10000ms exceeded.
    Call log:
      - waiting for locator('[data-testid="email-input"]') to be visible


       at ..\pages\BasePage.ts:53

      51 |    */
      52 |   async fillInput(locator: Locator, value: string) {
    > 53 |     await locator.waitFor({ state: 'visible' });
         |                   ^
      54 |     await locator.clear();
      55 |     await locator.fill(value);
      56 |   }
        at LoginPage.fillInput (E:\GitHub\Kiro AI Team\smart-erp\tests\pages\BasePage.ts:53:19)
        at LoginPage.login (E:\GitHub\Kiro AI Team\smart-erp\tests\pages\LoginPage.ts:51:16)
        at E:\GitHub\Kiro AI Team\smart-erp\tests\e2e\auth\login.spec.ts:148:21

    attachment #1: screenshot (image/png) ──────────────────────────────────────────────────────────
    ..\..\test-results\auth-login-Authentication-Flow-should-logout-successfully-chromium\test-failed-1.png
    ────────────────────────────────────────────────────────────────────────────────────────────────

    attachment #2: video (video/webm) ──────────────────────────────────────────────────────────────
    ..\..\test-results\auth-login-Authentication-Flow-should-logout-successfully-chromium\video.webm
    ────────────────────────────────────────────────────────────────────────────────────────────────

    Error Context: ..\..\test-results\auth-login-Authentication-Flow-should-logout-successfully-chromium\error-context.md
]]>
</failure>
<system-out>
<![CDATA[
[[ATTACHMENT|test-results\auth-login-Authentication-Flow-should-logout-successfully-chromium\test-failed-1.png]]

[[ATTACHMENT|test-results\auth-login-Authentication-Flow-should-logout-successfully-chromium\video.webm]]

[[ATTACHMENT|test-results\auth-login-Authentication-Flow-should-logout-successfully-chromium\error-context.md]]
]]>
</system-out>
</testcase>
<testcase name="Authentication Flow › should redirect to login when accessing protected route without auth" classname="auth\login.spec.ts" time="2.282">
</testcase>
<testcase name="Authentication Flow › should handle network error gracefully" classname="auth\login.spec.ts" time="12.871">
<failure message="login.spec.ts:171:7 should handle network error gracefully" type="FAILURE">
<![CDATA[  [chromium] › auth\login.spec.ts:171:7 › Authentication Flow › should handle network error gracefully 

    TimeoutError: locator.fill: Timeout 10000ms exceeded.
    Call log:
      - waiting for locator('[data-testid="email-input"]')


      174 |
      175 |     // Try to login
    > 176 |     await loginPage.emailInput.fill('admin@test.com');
          |                                ^
      177 |     await loginPage.passwordInput.fill('admin123');
      178 |     await loginPage.submitButton.click();
      179 |
        at E:\GitHub\Kiro AI Team\smart-erp\tests\e2e\auth\login.spec.ts:176:32

    attachment #1: screenshot (image/png) ──────────────────────────────────────────────────────────
    ..\..\test-results\auth-login-Authentication--bd39b-le-network-error-gracefully-chromium\test-failed-1.png
    ────────────────────────────────────────────────────────────────────────────────────────────────

    attachment #2: video (video/webm) ──────────────────────────────────────────────────────────────
    ..\..\test-results\auth-login-Authentication--bd39b-le-network-error-gracefully-chromium\video.webm
    ────────────────────────────────────────────────────────────────────────────────────────────────

    Error Context: ..\..\test-results\auth-login-Authentication--bd39b-le-network-error-gracefully-chromium\error-context.md
]]>
</failure>
<system-out>
<![CDATA[
[[ATTACHMENT|test-results\auth-login-Authentication--bd39b-le-network-error-gracefully-chromium\test-failed-1.png]]

[[ATTACHMENT|test-results\auth-login-Authentication--bd39b-le-network-error-gracefully-chromium\video.webm]]

[[ATTACHMENT|test-results\auth-login-Authentication--bd39b-le-network-error-gracefully-chromium\error-context.md]]
]]>
</system-out>
</testcase>
</testsuite>
<testsuite name="offline\sync.spec.ts" timestamp="2026-03-16T10:32:48.528Z" hostname="chromium" tests="9" failures="9" skipped="0" time="115.958" errors="0">
<testcase name="Offline-First Sync › should create product while offline" classname="offline\sync.spec.ts" time="12.863">
<failure message="sync.spec.ts:34:7 should create product while offline" type="FAILURE">
<![CDATA[  [chromium] › offline\sync.spec.ts:34:7 › Offline-First Sync › should create product while offline 

    TimeoutError: locator.waitFor: Timeout 10000ms exceeded.
    Call log:
      - waiting for locator('[data-testid="email-input"]') to be visible


       at ..\pages\BasePage.ts:53

      51 |    */
      52 |   async fillInput(locator: Locator, value: string) {
    > 53 |     await locator.waitFor({ state: 'visible' });
         |                   ^
      54 |     await locator.clear();
      55 |     await locator.fill(value);
      56 |   }
        at LoginPage.fillInput (E:\GitHub\Kiro AI Team\smart-erp\tests\pages\BasePage.ts:53:19)
        at LoginPage.login (E:\GitHub\Kiro AI Team\smart-erp\tests\pages\LoginPage.ts:51:16)
        at E:\GitHub\Kiro AI Team\smart-erp\tests\e2e\offline\sync.spec.ts:30:21

    attachment #1: screenshot (image/png) ──────────────────────────────────────────────────────────
    ..\..\test-results\offline-sync-Offline-First-6b170-reate-product-while-offline-chromium\test-failed-1.png
    ────────────────────────────────────────────────────────────────────────────────────────────────

    attachment #2: video (video/webm) ──────────────────────────────────────────────────────────────
    ..\..\test-results\offline-sync-Offline-First-6b170-reate-product-while-offline-chromium\video.webm
    ────────────────────────────────────────────────────────────────────────────────────────────────

    Error Context: ..\..\test-results\offline-sync-Offline-First-6b170-reate-product-while-offline-chromium\error-context.md
]]>
</failure>
<system-out>
<![CDATA[
[[ATTACHMENT|test-results\offline-sync-Offline-First-6b170-reate-product-while-offline-chromium\test-failed-1.png]]

[[ATTACHMENT|test-results\offline-sync-Offline-First-6b170-reate-product-while-offline-chromium\video.webm]]

[[ATTACHMENT|test-results\offline-sync-Offline-First-6b170-reate-product-while-offline-chromium\error-context.md]]
]]>
</system-out>
</testcase>
<testcase name="Offline-First Sync › should update product while offline" classname="offline\sync.spec.ts" time="12.893">
<failure message="sync.spec.ts:64:7 should update product while offline" type="FAILURE">
<![CDATA[  [chromium] › offline\sync.spec.ts:64:7 › Offline-First Sync › should update product while offline 

    TimeoutError: locator.waitFor: Timeout 10000ms exceeded.
    Call log:
      - waiting for locator('[data-testid="email-input"]') to be visible


       at ..\pages\BasePage.ts:53

      51 |    */
      52 |   async fillInput(locator: Locator, value: string) {
    > 53 |     await locator.waitFor({ state: 'visible' });
         |                   ^
      54 |     await locator.clear();
      55 |     await locator.fill(value);
      56 |   }
        at LoginPage.fillInput (E:\GitHub\Kiro AI Team\smart-erp\tests\pages\BasePage.ts:53:19)
        at LoginPage.login (E:\GitHub\Kiro AI Team\smart-erp\tests\pages\LoginPage.ts:51:16)
        at E:\GitHub\Kiro AI Team\smart-erp\tests\e2e\offline\sync.spec.ts:30:21

    attachment #1: screenshot (image/png) ──────────────────────────────────────────────────────────
    ..\..\test-results\offline-sync-Offline-First-4e829-pdate-product-while-offline-chromium\test-failed-1.png
    ────────────────────────────────────────────────────────────────────────────────────────────────

    attachment #2: video (video/webm) ──────────────────────────────────────────────────────────────
    ..\..\test-results\offline-sync-Offline-First-4e829-pdate-product-while-offline-chromium\video.webm
    ────────────────────────────────────────────────────────────────────────────────────────────────

    Error Context: ..\..\test-results\offline-sync-Offline-First-4e829-pdate-product-while-offline-chromium\error-context.md
]]>
</failure>
<system-out>
<![CDATA[
[[ATTACHMENT|test-results\offline-sync-Offline-First-4e829-pdate-product-while-offline-chromium\test-failed-1.png]]

[[ATTACHMENT|test-results\offline-sync-Offline-First-4e829-pdate-product-while-offline-chromium\video.webm]]

[[ATTACHMENT|test-results\offline-sync-Offline-First-4e829-pdate-product-while-offline-chromium\error-context.md]]
]]>
</system-out>
</testcase>
<testcase name="Offline-First Sync › should delete product while offline" classname="offline\sync.spec.ts" time="12.97">
<failure message="sync.spec.ts:99:7 should delete product while offline" type="FAILURE">
<![CDATA[  [chromium] › offline\sync.spec.ts:99:7 › Offline-First Sync › should delete product while offline 

    TimeoutError: locator.waitFor: Timeout 10000ms exceeded.
    Call log:
      - waiting for locator('[data-testid="email-input"]') to be visible


       at ..\pages\BasePage.ts:53

      51 |    */
      52 |   async fillInput(locator: Locator, value: string) {
    > 53 |     await locator.waitFor({ state: 'visible' });
         |                   ^
      54 |     await locator.clear();
      55 |     await locator.fill(value);
      56 |   }
        at LoginPage.fillInput (E:\GitHub\Kiro AI Team\smart-erp\tests\pages\BasePage.ts:53:19)
        at LoginPage.login (E:\GitHub\Kiro AI Team\smart-erp\tests\pages\LoginPage.ts:51:16)
        at E:\GitHub\Kiro AI Team\smart-erp\tests\e2e\offline\sync.spec.ts:30:21

    attachment #1: screenshot (image/png) ──────────────────────────────────────────────────────────
    ..\..\test-results\offline-sync-Offline-First-e349c-elete-product-while-offline-chromium\test-failed-1.png
    ────────────────────────────────────────────────────────────────────────────────────────────────

    attachment #2: video (video/webm) ──────────────────────────────────────────────────────────────
    ..\..\test-results\offline-sync-Offline-First-e349c-elete-product-while-offline-chromium\video.webm
    ────────────────────────────────────────────────────────────────────────────────────────────────

    Error Context: ..\..\test-results\offline-sync-Offline-First-e349c-elete-product-while-offline-chromium\error-context.md
]]>
</failure>
<system-out>
<![CDATA[
[[ATTACHMENT|test-results\offline-sync-Offline-First-e349c-elete-product-while-offline-chromium\test-failed-1.png]]

[[ATTACHMENT|test-results\offline-sync-Offline-First-e349c-elete-product-while-offline-chromium\video.webm]]

[[ATTACHMENT|test-results\offline-sync-Offline-First-e349c-elete-product-while-offline-chromium\error-context.md]]
]]>
</system-out>
</testcase>
<testcase name="Offline-First Sync › should sync changes when going online" classname="offline\sync.spec.ts" time="12.879">
<failure message="sync.spec.ts:128:7 should sync changes when going online" type="FAILURE">
<![CDATA[  [chromium] › offline\sync.spec.ts:128:7 › Offline-First Sync › should sync changes when going online 

    TimeoutError: locator.waitFor: Timeout 10000ms exceeded.
    Call log:
      - waiting for locator('[data-testid="email-input"]') to be visible


       at ..\pages\BasePage.ts:53

      51 |    */
      52 |   async fillInput(locator: Locator, value: string) {
    > 53 |     await locator.waitFor({ state: 'visible' });
         |                   ^
      54 |     await locator.clear();
      55 |     await locator.fill(value);
      56 |   }
        at LoginPage.fillInput (E:\GitHub\Kiro AI Team\smart-erp\tests\pages\BasePage.ts:53:19)
        at LoginPage.login (E:\GitHub\Kiro AI Team\smart-erp\tests\pages\LoginPage.ts:51:16)
        at E:\GitHub\Kiro AI Team\smart-erp\tests\e2e\offline\sync.spec.ts:30:21

    attachment #1: screenshot (image/png) ──────────────────────────────────────────────────────────
    ..\..\test-results\offline-sync-Offline-First-76422-c-changes-when-going-online-chromium\test-failed-1.png
    ────────────────────────────────────────────────────────────────────────────────────────────────

    attachment #2: video (video/webm) ──────────────────────────────────────────────────────────────
    ..\..\test-results\offline-sync-Offline-First-76422-c-changes-when-going-online-chromium\video.webm
    ────────────────────────────────────────────────────────────────────────────────────────────────

    Error Context: ..\..\test-results\offline-sync-Offline-First-76422-c-changes-when-going-online-chromium\error-context.md
]]>
</failure>
<system-out>
<![CDATA[
[[ATTACHMENT|test-results\offline-sync-Offline-First-76422-c-changes-when-going-online-chromium\test-failed-1.png]]

[[ATTACHMENT|test-results\offline-sync-Offline-First-76422-c-changes-when-going-online-chromium\video.webm]]

[[ATTACHMENT|test-results\offline-sync-Offline-First-76422-c-changes-when-going-online-chromium\error-context.md]]
]]>
</system-out>
</testcase>
<testcase name="Offline-First Sync › should handle conflict resolution" classname="offline\sync.spec.ts" time="13.01">
<failure message="sync.spec.ts:174:7 should handle conflict resolution" type="FAILURE">
<![CDATA[  [chromium] › offline\sync.spec.ts:174:7 › Offline-First Sync › should handle conflict resolution ─

    TimeoutError: locator.waitFor: Timeout 10000ms exceeded.
    Call log:
      - waiting for locator('[data-testid="email-input"]') to be visible


       at ..\pages\BasePage.ts:53

      51 |    */
      52 |   async fillInput(locator: Locator, value: string) {
    > 53 |     await locator.waitFor({ state: 'visible' });
         |                   ^
      54 |     await locator.clear();
      55 |     await locator.fill(value);
      56 |   }
        at LoginPage.fillInput (E:\GitHub\Kiro AI Team\smart-erp\tests\pages\BasePage.ts:53:19)
        at LoginPage.login (E:\GitHub\Kiro AI Team\smart-erp\tests\pages\LoginPage.ts:51:16)
        at E:\GitHub\Kiro AI Team\smart-erp\tests\e2e\offline\sync.spec.ts:30:21

    attachment #1: screenshot (image/png) ──────────────────────────────────────────────────────────
    ..\..\test-results\offline-sync-Offline-First-d467e--handle-conflict-resolution-chromium\test-failed-1.png
    ────────────────────────────────────────────────────────────────────────────────────────────────

    attachment #2: video (video/webm) ──────────────────────────────────────────────────────────────
    ..\..\test-results\offline-sync-Offline-First-d467e--handle-conflict-resolution-chromium\video.webm
    ────────────────────────────────────────────────────────────────────────────────────────────────

    Error Context: ..\..\test-results\offline-sync-Offline-First-d467e--handle-conflict-resolution-chromium\error-context.md
]]>
</failure>
<system-out>
<![CDATA[
[[ATTACHMENT|test-results\offline-sync-Offline-First-d467e--handle-conflict-resolution-chromium\test-failed-1.png]]

[[ATTACHMENT|test-results\offline-sync-Offline-First-d467e--handle-conflict-resolution-chromium\video.webm]]

[[ATTACHMENT|test-results\offline-sync-Offline-First-d467e--handle-conflict-resolution-chromium\error-context.md]]
]]>
</system-out>
</testcase>
<testcase name="Offline-First Sync › should handle network interruption during sync" classname="offline\sync.spec.ts" time="12.94">
<failure message="sync.spec.ts:210:7 should handle network interruption during sync" type="FAILURE">
<![CDATA[  [chromium] › offline\sync.spec.ts:210:7 › Offline-First Sync › should handle network interruption during sync 

    TimeoutError: locator.waitFor: Timeout 10000ms exceeded.
    Call log:
      - waiting for locator('[data-testid="email-input"]') to be visible


       at ..\pages\BasePage.ts:53

      51 |    */
      52 |   async fillInput(locator: Locator, value: string) {
    > 53 |     await locator.waitFor({ state: 'visible' });
         |                   ^
      54 |     await locator.clear();
      55 |     await locator.fill(value);
      56 |   }
        at LoginPage.fillInput (E:\GitHub\Kiro AI Team\smart-erp\tests\pages\BasePage.ts:53:19)
        at LoginPage.login (E:\GitHub\Kiro AI Team\smart-erp\tests\pages\LoginPage.ts:51:16)
        at E:\GitHub\Kiro AI Team\smart-erp\tests\e2e\offline\sync.spec.ts:30:21

    attachment #1: screenshot (image/png) ──────────────────────────────────────────────────────────
    ..\..\test-results\offline-sync-Offline-First-80ee5-rk-interruption-during-sync-chromium\test-failed-1.png
    ────────────────────────────────────────────────────────────────────────────────────────────────

    attachment #2: video (video/webm) ──────────────────────────────────────────────────────────────
    ..\..\test-results\offline-sync-Offline-First-80ee5-rk-interruption-during-sync-chromium\video.webm
    ────────────────────────────────────────────────────────────────────────────────────────────────

    Error Context: ..\..\test-results\offline-sync-Offline-First-80ee5-rk-interruption-during-sync-chromium\error-context.md
]]>
</failure>
<system-out>
<![CDATA[
[[ATTACHMENT|test-results\offline-sync-Offline-First-80ee5-rk-interruption-during-sync-chromium\test-failed-1.png]]

[[ATTACHMENT|test-results\offline-sync-Offline-First-80ee5-rk-interruption-during-sync-chromium\video.webm]]

[[ATTACHMENT|test-results\offline-sync-Offline-First-80ee5-rk-interruption-during-sync-chromium\error-context.md]]
]]>
</system-out>
</testcase>
<testcase name="Offline-First Sync › should display offline indicator when offline" classname="offline\sync.spec.ts" time="12.801">
<failure message="sync.spec.ts:241:7 should display offline indicator when offline" type="FAILURE">
<![CDATA[  [chromium] › offline\sync.spec.ts:241:7 › Offline-First Sync › should display offline indicator when offline 

    TimeoutError: locator.waitFor: Timeout 10000ms exceeded.
    Call log:
      - waiting for locator('[data-testid="email-input"]') to be visible


       at ..\pages\BasePage.ts:53

      51 |    */
      52 |   async fillInput(locator: Locator, value: string) {
    > 53 |     await locator.waitFor({ state: 'visible' });
         |                   ^
      54 |     await locator.clear();
      55 |     await locator.fill(value);
      56 |   }
        at LoginPage.fillInput (E:\GitHub\Kiro AI Team\smart-erp\tests\pages\BasePage.ts:53:19)
        at LoginPage.login (E:\GitHub\Kiro AI Team\smart-erp\tests\pages\LoginPage.ts:51:16)
        at E:\GitHub\Kiro AI Team\smart-erp\tests\e2e\offline\sync.spec.ts:30:21

    attachment #1: screenshot (image/png) ──────────────────────────────────────────────────────────
    ..\..\test-results\offline-sync-Offline-First-71bf3-line-indicator-when-offline-chromium\test-failed-1.png
    ────────────────────────────────────────────────────────────────────────────────────────────────

    attachment #2: video (video/webm) ──────────────────────────────────────────────────────────────
    ..\..\test-results\offline-sync-Offline-First-71bf3-line-indicator-when-offline-chromium\video.webm
    ────────────────────────────────────────────────────────────────────────────────────────────────

    Error Context: ..\..\test-results\offline-sync-Offline-First-71bf3-line-indicator-when-offline-chromium\error-context.md
]]>
</failure>
<system-out>
<![CDATA[
[[ATTACHMENT|test-results\offline-sync-Offline-First-71bf3-line-indicator-when-offline-chromium\test-failed-1.png]]

[[ATTACHMENT|test-results\offline-sync-Offline-First-71bf3-line-indicator-when-offline-chromium\video.webm]]

[[ATTACHMENT|test-results\offline-sync-Offline-First-71bf3-line-indicator-when-offline-chromium\error-context.md]]
]]>
</system-out>
</testcase>
<testcase name="Offline-First Sync › should display sync status" classname="offline\sync.spec.ts" time="12.775">
<failure message="sync.spec.ts:258:7 should display sync status" type="FAILURE">
<![CDATA[  [chromium] › offline\sync.spec.ts:258:7 › Offline-First Sync › should display sync status ────────

    TimeoutError: locator.waitFor: Timeout 10000ms exceeded.
    Call log:
      - waiting for locator('[data-testid="email-input"]') to be visible


       at ..\pages\BasePage.ts:53

      51 |    */
      52 |   async fillInput(locator: Locator, value: string) {
    > 53 |     await locator.waitFor({ state: 'visible' });
         |                   ^
      54 |     await locator.clear();
      55 |     await locator.fill(value);
      56 |   }
        at LoginPage.fillInput (E:\GitHub\Kiro AI Team\smart-erp\tests\pages\BasePage.ts:53:19)
        at LoginPage.login (E:\GitHub\Kiro AI Team\smart-erp\tests\pages\LoginPage.ts:51:16)
        at E:\GitHub\Kiro AI Team\smart-erp\tests\e2e\offline\sync.spec.ts:30:21

    attachment #1: screenshot (image/png) ──────────────────────────────────────────────────────────
    ..\..\test-results\offline-sync-Offline-First-Sync-should-display-sync-status-chromium\test-failed-1.png
    ────────────────────────────────────────────────────────────────────────────────────────────────

    attachment #2: video (video/webm) ──────────────────────────────────────────────────────────────
    ..\..\test-results\offline-sync-Offline-First-Sync-should-display-sync-status-chromium\video.webm
    ────────────────────────────────────────────────────────────────────────────────────────────────

    Error Context: ..\..\test-results\offline-sync-Offline-First-Sync-should-display-sync-status-chromium\error-context.md
]]>
</failure>
<system-out>
<![CDATA[
[[ATTACHMENT|test-results\offline-sync-Offline-First-Sync-should-display-sync-status-chromium\test-failed-1.png]]

[[ATTACHMENT|test-results\offline-sync-Offline-First-Sync-should-display-sync-status-chromium\video.webm]]

[[ATTACHMENT|test-results\offline-sync-Offline-First-Sync-should-display-sync-status-chromium\error-context.md]]
]]>
</system-out>
</testcase>
<testcase name="Offline-First Sync › should persist data across sessions" classname="offline\sync.spec.ts" time="12.827">
<failure message="sync.spec.ts:293:7 should persist data across sessions" type="FAILURE">
<![CDATA[  [chromium] › offline\sync.spec.ts:293:7 › Offline-First Sync › should persist data across sessions 

    TimeoutError: locator.waitFor: Timeout 10000ms exceeded.
    Call log:
      - waiting for locator('[data-testid="email-input"]') to be visible


       at ..\pages\BasePage.ts:53

      51 |    */
      52 |   async fillInput(locator: Locator, value: string) {
    > 53 |     await locator.waitFor({ state: 'visible' });
         |                   ^
      54 |     await locator.clear();
      55 |     await locator.fill(value);
      56 |   }
        at LoginPage.fillInput (E:\GitHub\Kiro AI Team\smart-erp\tests\pages\BasePage.ts:53:19)
        at LoginPage.login (E:\GitHub\Kiro AI Team\smart-erp\tests\pages\LoginPage.ts:51:16)
        at E:\GitHub\Kiro AI Team\smart-erp\tests\e2e\offline\sync.spec.ts:30:21

    attachment #1: screenshot (image/png) ──────────────────────────────────────────────────────────
    ..\..\test-results\offline-sync-Offline-First-6931b-ersist-data-across-sessions-chromium\test-failed-1.png
    ────────────────────────────────────────────────────────────────────────────────────────────────

    attachment #2: video (video/webm) ──────────────────────────────────────────────────────────────
    ..\..\test-results\offline-sync-Offline-First-6931b-ersist-data-across-sessions-chromium\video.webm
    ────────────────────────────────────────────────────────────────────────────────────────────────

    Error Context: ..\..\test-results\offline-sync-Offline-First-6931b-ersist-data-across-sessions-chromium\error-context.md
]]>
</failure>
<system-out>
<![CDATA[
[[ATTACHMENT|test-results\offline-sync-Offline-First-6931b-ersist-data-across-sessions-chromium\test-failed-1.png]]

[[ATTACHMENT|test-results\offline-sync-Offline-First-6931b-ersist-data-across-sessions-chromium\video.webm]]

[[ATTACHMENT|test-results\offline-sync-Offline-First-6931b-ersist-data-across-sessions-chromium\error-context.md]]
]]>
</system-out>
</testcase>
</testsuite>
<testsuite name="products\product-list.spec.ts" timestamp="2026-03-16T10:32:48.528Z" hostname="chromium" tests="10" failures="10" skipped="0" time="128.922" errors="0">
<testcase name="Product List Operations › should display products list with pagination" classname="products\product-list.spec.ts" time="12.79">
<failure message="product-list.spec.ts:38:7 should display products list with pagination" type="FAILURE">
<![CDATA[  [chromium] › products\product-list.spec.ts:38:7 › Product List Operations › should display products list with pagination 

    TimeoutError: locator.waitFor: Timeout 10000ms exceeded.
    Call log:
      - waiting for locator('[data-testid="email-input"]') to be visible


       at ..\pages\BasePage.ts:53

      51 |    */
      52 |   async fillInput(locator: Locator, value: string) {
    > 53 |     await locator.waitFor({ state: 'visible' });
         |                   ^
      54 |     await locator.clear();
      55 |     await locator.fill(value);
      56 |   }
        at LoginPage.fillInput (E:\GitHub\Kiro AI Team\smart-erp\tests\pages\BasePage.ts:53:19)
        at LoginPage.login (E:\GitHub\Kiro AI Team\smart-erp\tests\pages\LoginPage.ts:51:16)
        at E:\GitHub\Kiro AI Team\smart-erp\tests\e2e\products\product-list.spec.ts:30:21

    attachment #1: screenshot (image/png) ──────────────────────────────────────────────────────────
    ..\..\test-results\products-product-list-Prod-29ff5-oducts-list-with-pagination-chromium\test-failed-1.png
    ────────────────────────────────────────────────────────────────────────────────────────────────

    attachment #2: video (video/webm) ──────────────────────────────────────────────────────────────
    ..\..\test-results\products-product-list-Prod-29ff5-oducts-list-with-pagination-chromium\video.webm
    ────────────────────────────────────────────────────────────────────────────────────────────────

    Error Context: ..\..\test-results\products-product-list-Prod-29ff5-oducts-list-with-pagination-chromium\error-context.md
]]>
</failure>
<system-out>
<![CDATA[
[[ATTACHMENT|test-results\products-product-list-Prod-29ff5-oducts-list-with-pagination-chromium\test-failed-1.png]]

[[ATTACHMENT|test-results\products-product-list-Prod-29ff5-oducts-list-with-pagination-chromium\video.webm]]

[[ATTACHMENT|test-results\products-product-list-Prod-29ff5-oducts-list-with-pagination-chromium\error-context.md]]
]]>
</system-out>
</testcase>
<testcase name="Product List Operations › should search products by name" classname="products\product-list.spec.ts" time="12.845">
<failure message="product-list.spec.ts:58:7 should search products by name" type="FAILURE">
<![CDATA[  [chromium] › products\product-list.spec.ts:58:7 › Product List Operations › should search products by name 

    TimeoutError: locator.waitFor: Timeout 10000ms exceeded.
    Call log:
      - waiting for locator('[data-testid="email-input"]') to be visible


       at ..\pages\BasePage.ts:53

      51 |    */
      52 |   async fillInput(locator: Locator, value: string) {
    > 53 |     await locator.waitFor({ state: 'visible' });
         |                   ^
      54 |     await locator.clear();
      55 |     await locator.fill(value);
      56 |   }
        at LoginPage.fillInput (E:\GitHub\Kiro AI Team\smart-erp\tests\pages\BasePage.ts:53:19)
        at LoginPage.login (E:\GitHub\Kiro AI Team\smart-erp\tests\pages\LoginPage.ts:51:16)
        at E:\GitHub\Kiro AI Team\smart-erp\tests\e2e\products\product-list.spec.ts:30:21

    attachment #1: screenshot (image/png) ──────────────────────────────────────────────────────────
    ..\..\test-results\products-product-list-Prod-ce661-uld-search-products-by-name-chromium\test-failed-1.png
    ────────────────────────────────────────────────────────────────────────────────────────────────

    attachment #2: video (video/webm) ──────────────────────────────────────────────────────────────
    ..\..\test-results\products-product-list-Prod-ce661-uld-search-products-by-name-chromium\video.webm
    ────────────────────────────────────────────────────────────────────────────────────────────────

    Error Context: ..\..\test-results\products-product-list-Prod-ce661-uld-search-products-by-name-chromium\error-context.md
]]>
</failure>
<system-out>
<![CDATA[
[[ATTACHMENT|test-results\products-product-list-Prod-ce661-uld-search-products-by-name-chromium\test-failed-1.png]]

[[ATTACHMENT|test-results\products-product-list-Prod-ce661-uld-search-products-by-name-chromium\video.webm]]

[[ATTACHMENT|test-results\products-product-list-Prod-ce661-uld-search-products-by-name-chromium\error-context.md]]
]]>
</system-out>
</testcase>
<testcase name="Product List Operations › should search products by SKU" classname="products\product-list.spec.ts" time="12.94">
<failure message="product-list.spec.ts:79:7 should search products by SKU" type="FAILURE">
<![CDATA[  [chromium] › products\product-list.spec.ts:79:7 › Product List Operations › should search products by SKU 

    TimeoutError: locator.waitFor: Timeout 10000ms exceeded.
    Call log:
      - waiting for locator('[data-testid="email-input"]') to be visible


       at ..\pages\BasePage.ts:53

      51 |    */
      52 |   async fillInput(locator: Locator, value: string) {
    > 53 |     await locator.waitFor({ state: 'visible' });
         |                   ^
      54 |     await locator.clear();
      55 |     await locator.fill(value);
      56 |   }
        at LoginPage.fillInput (E:\GitHub\Kiro AI Team\smart-erp\tests\pages\BasePage.ts:53:19)
        at LoginPage.login (E:\GitHub\Kiro AI Team\smart-erp\tests\pages\LoginPage.ts:51:16)
        at E:\GitHub\Kiro AI Team\smart-erp\tests\e2e\products\product-list.spec.ts:30:21

    attachment #1: screenshot (image/png) ──────────────────────────────────────────────────────────
    ..\..\test-results\products-product-list-Prod-5b748-ould-search-products-by-SKU-chromium\test-failed-1.png
    ────────────────────────────────────────────────────────────────────────────────────────────────

    attachment #2: video (video/webm) ──────────────────────────────────────────────────────────────
    ..\..\test-results\products-product-list-Prod-5b748-ould-search-products-by-SKU-chromium\video.webm
    ────────────────────────────────────────────────────────────────────────────────────────────────

    Error Context: ..\..\test-results\products-product-list-Prod-5b748-ould-search-products-by-SKU-chromium\error-context.md
]]>
</failure>
<system-out>
<![CDATA[
[[ATTACHMENT|test-results\products-product-list-Prod-5b748-ould-search-products-by-SKU-chromium\test-failed-1.png]]

[[ATTACHMENT|test-results\products-product-list-Prod-5b748-ould-search-products-by-SKU-chromium\video.webm]]

[[ATTACHMENT|test-results\products-product-list-Prod-5b748-ould-search-products-by-SKU-chromium\error-context.md]]
]]>
</system-out>
</testcase>
<testcase name="Product List Operations › should filter products by category" classname="products\product-list.spec.ts" time="12.961">
<failure message="product-list.spec.ts:99:7 should filter products by category" type="FAILURE">
<![CDATA[  [chromium] › products\product-list.spec.ts:99:7 › Product List Operations › should filter products by category 

    TimeoutError: locator.waitFor: Timeout 10000ms exceeded.
    Call log:
      - waiting for locator('[data-testid="email-input"]') to be visible


       at ..\pages\BasePage.ts:53

      51 |    */
      52 |   async fillInput(locator: Locator, value: string) {
    > 53 |     await locator.waitFor({ state: 'visible' });
         |                   ^
      54 |     await locator.clear();
      55 |     await locator.fill(value);
      56 |   }
        at LoginPage.fillInput (E:\GitHub\Kiro AI Team\smart-erp\tests\pages\BasePage.ts:53:19)
        at LoginPage.login (E:\GitHub\Kiro AI Team\smart-erp\tests\pages\LoginPage.ts:51:16)
        at E:\GitHub\Kiro AI Team\smart-erp\tests\e2e\products\product-list.spec.ts:30:21

    attachment #1: screenshot (image/png) ──────────────────────────────────────────────────────────
    ..\..\test-results\products-product-list-Prod-08f30-filter-products-by-category-chromium\test-failed-1.png
    ────────────────────────────────────────────────────────────────────────────────────────────────

    attachment #2: video (video/webm) ──────────────────────────────────────────────────────────────
    ..\..\test-results\products-product-list-Prod-08f30-filter-products-by-category-chromium\video.webm
    ────────────────────────────────────────────────────────────────────────────────────────────────

    Error Context: ..\..\test-results\products-product-list-Prod-08f30-filter-products-by-category-chromium\error-context.md
]]>
</failure>
<system-out>
<![CDATA[
[[ATTACHMENT|test-results\products-product-list-Prod-08f30-filter-products-by-category-chromium\test-failed-1.png]]

[[ATTACHMENT|test-results\products-product-list-Prod-08f30-filter-products-by-category-chromium\video.webm]]

[[ATTACHMENT|test-results\products-product-list-Prod-08f30-filter-products-by-category-chromium\error-context.md]]
]]>
</system-out>
</testcase>
<testcase name="Product List Operations › should filter products by status" classname="products\product-list.spec.ts" time="12.858">
<failure message="product-list.spec.ts:120:7 should filter products by status" type="FAILURE">
<![CDATA[  [chromium] › products\product-list.spec.ts:120:7 › Product List Operations › should filter products by status 

    TimeoutError: locator.waitFor: Timeout 10000ms exceeded.
    Call log:
      - waiting for locator('[data-testid="email-input"]') to be visible


       at ..\pages\BasePage.ts:53

      51 |    */
      52 |   async fillInput(locator: Locator, value: string) {
    > 53 |     await locator.waitFor({ state: 'visible' });
         |                   ^
      54 |     await locator.clear();
      55 |     await locator.fill(value);
      56 |   }
        at LoginPage.fillInput (E:\GitHub\Kiro AI Team\smart-erp\tests\pages\BasePage.ts:53:19)
        at LoginPage.login (E:\GitHub\Kiro AI Team\smart-erp\tests\pages\LoginPage.ts:51:16)
        at E:\GitHub\Kiro AI Team\smart-erp\tests\e2e\products\product-list.spec.ts:30:21

    attachment #1: screenshot (image/png) ──────────────────────────────────────────────────────────
    ..\..\test-results\products-product-list-Prod-99225-d-filter-products-by-status-chromium\test-failed-1.png
    ────────────────────────────────────────────────────────────────────────────────────────────────

    attachment #2: video (video/webm) ──────────────────────────────────────────────────────────────
    ..\..\test-results\products-product-list-Prod-99225-d-filter-products-by-status-chromium\video.webm
    ────────────────────────────────────────────────────────────────────────────────────────────────

    Error Context: ..\..\test-results\products-product-list-Prod-99225-d-filter-products-by-status-chromium\error-context.md
]]>
</failure>
<system-out>
<![CDATA[
[[ATTACHMENT|test-results\products-product-list-Prod-99225-d-filter-products-by-status-chromium\test-failed-1.png]]

[[ATTACHMENT|test-results\products-product-list-Prod-99225-d-filter-products-by-status-chromium\video.webm]]

[[ATTACHMENT|test-results\products-product-list-Prod-99225-d-filter-products-by-status-chromium\error-context.md]]
]]>
</system-out>
</testcase>
<testcase name="Product List Operations › should sort products by name" classname="products\product-list.spec.ts" time="12.908">
<failure message="product-list.spec.ts:141:7 should sort products by name" type="FAILURE">
<![CDATA[  [chromium] › products\product-list.spec.ts:141:7 › Product List Operations › should sort products by name 

    TimeoutError: locator.waitFor: Timeout 10000ms exceeded.
    Call log:
      - waiting for locator('[data-testid="email-input"]') to be visible


       at ..\pages\BasePage.ts:53

      51 |    */
      52 |   async fillInput(locator: Locator, value: string) {
    > 53 |     await locator.waitFor({ state: 'visible' });
         |                   ^
      54 |     await locator.clear();
      55 |     await locator.fill(value);
      56 |   }
        at LoginPage.fillInput (E:\GitHub\Kiro AI Team\smart-erp\tests\pages\BasePage.ts:53:19)
        at LoginPage.login (E:\GitHub\Kiro AI Team\smart-erp\tests\pages\LoginPage.ts:51:16)
        at E:\GitHub\Kiro AI Team\smart-erp\tests\e2e\products\product-list.spec.ts:30:21

    attachment #1: screenshot (image/png) ──────────────────────────────────────────────────────────
    ..\..\test-results\products-product-list-Prod-968dd-hould-sort-products-by-name-chromium\test-failed-1.png
    ────────────────────────────────────────────────────────────────────────────────────────────────

    attachment #2: video (video/webm) ──────────────────────────────────────────────────────────────
    ..\..\test-results\products-product-list-Prod-968dd-hould-sort-products-by-name-chromium\video.webm
    ────────────────────────────────────────────────────────────────────────────────────────────────

    Error Context: ..\..\test-results\products-product-list-Prod-968dd-hould-sort-products-by-name-chromium\error-context.md
]]>
</failure>
<system-out>
<![CDATA[
[[ATTACHMENT|test-results\products-product-list-Prod-968dd-hould-sort-products-by-name-chromium\test-failed-1.png]]

[[ATTACHMENT|test-results\products-product-list-Prod-968dd-hould-sort-products-by-name-chromium\video.webm]]

[[ATTACHMENT|test-results\products-product-list-Prod-968dd-hould-sort-products-by-name-chromium\error-context.md]]
]]>
</system-out>
</testcase>
<testcase name="Product List Operations › should sort products by price" classname="products\product-list.spec.ts" time="12.867">
<failure message="product-list.spec.ts:157:7 should sort products by price" type="FAILURE">
<![CDATA[  [chromium] › products\product-list.spec.ts:157:7 › Product List Operations › should sort products by price 

    TimeoutError: locator.waitFor: Timeout 10000ms exceeded.
    Call log:
      - waiting for locator('[data-testid="email-input"]') to be visible


       at ..\pages\BasePage.ts:53

      51 |    */
      52 |   async fillInput(locator: Locator, value: string) {
    > 53 |     await locator.waitFor({ state: 'visible' });
         |                   ^
      54 |     await locator.clear();
      55 |     await locator.fill(value);
      56 |   }
        at LoginPage.fillInput (E:\GitHub\Kiro AI Team\smart-erp\tests\pages\BasePage.ts:53:19)
        at LoginPage.login (E:\GitHub\Kiro AI Team\smart-erp\tests\pages\LoginPage.ts:51:16)
        at E:\GitHub\Kiro AI Team\smart-erp\tests\e2e\products\product-list.spec.ts:30:21

    attachment #1: screenshot (image/png) ──────────────────────────────────────────────────────────
    ..\..\test-results\products-product-list-Prod-81aec-ould-sort-products-by-price-chromium\test-failed-1.png
    ────────────────────────────────────────────────────────────────────────────────────────────────

    attachment #2: video (video/webm) ──────────────────────────────────────────────────────────────
    ..\..\test-results\products-product-list-Prod-81aec-ould-sort-products-by-price-chromium\video.webm
    ────────────────────────────────────────────────────────────────────────────────────────────────

    Error Context: ..\..\test-results\products-product-list-Prod-81aec-ould-sort-products-by-price-chromium\error-context.md
]]>
</failure>
<system-out>
<![CDATA[
[[ATTACHMENT|test-results\products-product-list-Prod-81aec-ould-sort-products-by-price-chromium\test-failed-1.png]]

[[ATTACHMENT|test-results\products-product-list-Prod-81aec-ould-sort-products-by-price-chromium\video.webm]]

[[ATTACHMENT|test-results\products-product-list-Prod-81aec-ould-sort-products-by-price-chromium\error-context.md]]
]]>
</system-out>
</testcase>
<testcase name="Product List Operations › should handle empty search results" classname="products\product-list.spec.ts" time="12.87">
<failure message="product-list.spec.ts:173:7 should handle empty search results" type="FAILURE">
<![CDATA[  [chromium] › products\product-list.spec.ts:173:7 › Product List Operations › should handle empty search results 

    TimeoutError: locator.waitFor: Timeout 10000ms exceeded.
    Call log:
      - waiting for locator('[data-testid="email-input"]') to be visible


       at ..\pages\BasePage.ts:53

      51 |    */
      52 |   async fillInput(locator: Locator, value: string) {
    > 53 |     await locator.waitFor({ state: 'visible' });
         |                   ^
      54 |     await locator.clear();
      55 |     await locator.fill(value);
      56 |   }
        at LoginPage.fillInput (E:\GitHub\Kiro AI Team\smart-erp\tests\pages\BasePage.ts:53:19)
        at LoginPage.login (E:\GitHub\Kiro AI Team\smart-erp\tests\pages\LoginPage.ts:51:16)
        at E:\GitHub\Kiro AI Team\smart-erp\tests\e2e\products\product-list.spec.ts:30:21

    attachment #1: screenshot (image/png) ──────────────────────────────────────────────────────────
    ..\..\test-results\products-product-list-Prod-f8c94-handle-empty-search-results-chromium\test-failed-1.png
    ────────────────────────────────────────────────────────────────────────────────────────────────

    attachment #2: video (video/webm) ──────────────────────────────────────────────────────────────
    ..\..\test-results\products-product-list-Prod-f8c94-handle-empty-search-results-chromium\video.webm
    ────────────────────────────────────────────────────────────────────────────────────────────────

    Error Context: ..\..\test-results\products-product-list-Prod-f8c94-handle-empty-search-results-chromium\error-context.md
]]>
</failure>
<system-out>
<![CDATA[
[[ATTACHMENT|test-results\products-product-list-Prod-f8c94-handle-empty-search-results-chromium\test-failed-1.png]]

[[ATTACHMENT|test-results\products-product-list-Prod-f8c94-handle-empty-search-results-chromium\video.webm]]

[[ATTACHMENT|test-results\products-product-list-Prod-f8c94-handle-empty-search-results-chromium\error-context.md]]
]]>
</system-out>
</testcase>
<testcase name="Product List Operations › should show loading state while fetching products" classname="products\product-list.spec.ts" time="12.882">
<failure message="product-list.spec.ts:187:7 should show loading state while fetching products" type="FAILURE">
<![CDATA[  [chromium] › products\product-list.spec.ts:187:7 › Product List Operations › should show loading state while fetching products 

    TimeoutError: locator.waitFor: Timeout 10000ms exceeded.
    Call log:
      - waiting for locator('[data-testid="email-input"]') to be visible


       at ..\pages\BasePage.ts:53

      51 |    */
      52 |   async fillInput(locator: Locator, value: string) {
    > 53 |     await locator.waitFor({ state: 'visible' });
         |                   ^
      54 |     await locator.clear();
      55 |     await locator.fill(value);
      56 |   }
        at LoginPage.fillInput (E:\GitHub\Kiro AI Team\smart-erp\tests\pages\BasePage.ts:53:19)
        at LoginPage.login (E:\GitHub\Kiro AI Team\smart-erp\tests\pages\LoginPage.ts:51:16)
        at E:\GitHub\Kiro AI Team\smart-erp\tests\e2e\products\product-list.spec.ts:30:21

    attachment #1: screenshot (image/png) ──────────────────────────────────────────────────────────
    ..\..\test-results\products-product-list-Prod-4cb0f-ate-while-fetching-products-chromium\test-failed-1.png
    ────────────────────────────────────────────────────────────────────────────────────────────────

    attachment #2: video (video/webm) ──────────────────────────────────────────────────────────────
    ..\..\test-results\products-product-list-Prod-4cb0f-ate-while-fetching-products-chromium\video.webm
    ────────────────────────────────────────────────────────────────────────────────────────────────

    Error Context: ..\..\test-results\products-product-list-Prod-4cb0f-ate-while-fetching-products-chromium\error-context.md
]]>
</failure>
<system-out>
<![CDATA[
[[ATTACHMENT|test-results\products-product-list-Prod-4cb0f-ate-while-fetching-products-chromium\test-failed-1.png]]

[[ATTACHMENT|test-results\products-product-list-Prod-4cb0f-ate-while-fetching-products-chromium\video.webm]]

[[ATTACHMENT|test-results\products-product-list-Prod-4cb0f-ate-while-fetching-products-chromium\error-context.md]]
]]>
</system-out>
</testcase>
<testcase name="Product List Operations › should handle API errors gracefully" classname="products\product-list.spec.ts" time="13.001">
<failure message="product-list.spec.ts:204:7 should handle API errors gracefully" type="FAILURE">
<![CDATA[  [chromium] › products\product-list.spec.ts:204:7 › Product List Operations › should handle API errors gracefully 

    TimeoutError: locator.waitFor: Timeout 10000ms exceeded.
    Call log:
      - waiting for locator('[data-testid="email-input"]') to be visible


       at ..\pages\BasePage.ts:53

      51 |    */
      52 |   async fillInput(locator: Locator, value: string) {
    > 53 |     await locator.waitFor({ state: 'visible' });
         |                   ^
      54 |     await locator.clear();
      55 |     await locator.fill(value);
      56 |   }
        at LoginPage.fillInput (E:\GitHub\Kiro AI Team\smart-erp\tests\pages\BasePage.ts:53:19)
        at LoginPage.login (E:\GitHub\Kiro AI Team\smart-erp\tests\pages\LoginPage.ts:51:16)
        at E:\GitHub\Kiro AI Team\smart-erp\tests\e2e\products\product-list.spec.ts:30:21

    attachment #1: screenshot (image/png) ──────────────────────────────────────────────────────────
    ..\..\test-results\products-product-list-Prod-01e57-andle-API-errors-gracefully-chromium\test-failed-1.png
    ────────────────────────────────────────────────────────────────────────────────────────────────

    attachment #2: video (video/webm) ──────────────────────────────────────────────────────────────
    ..\..\test-results\products-product-list-Prod-01e57-andle-API-errors-gracefully-chromium\video.webm
    ────────────────────────────────────────────────────────────────────────────────────────────────

    Error Context: ..\..\test-results\products-product-list-Prod-01e57-andle-API-errors-gracefully-chromium\error-context.md
]]>
</failure>
<system-out>
<![CDATA[
[[ATTACHMENT|test-results\products-product-list-Prod-01e57-andle-API-errors-gracefully-chromium\test-failed-1.png]]

[[ATTACHMENT|test-results\products-product-list-Prod-01e57-andle-API-errors-gracefully-chromium\video.webm]]

[[ATTACHMENT|test-results\products-product-list-Prod-01e57-andle-API-errors-gracefully-chromium\error-context.md]]
]]>
</system-out>
</testcase>
</testsuite>
<testsuite name="products\product-management.spec.ts" timestamp="2026-03-16T10:32:48.528Z" hostname="chromium" tests="9" failures="9" skipped="0" time="115.917" errors="0">
<testcase name="Product Management › should display products list" classname="products\product-management.spec.ts" time="12.846">
<failure message="product-management.spec.ts:34:7 should display products list" type="FAILURE">
<![CDATA[  [chromium] › products\product-management.spec.ts:34:7 › Product Management › should display products list 

    TimeoutError: locator.waitFor: Timeout 10000ms exceeded.
    Call log:
      - waiting for locator('[data-testid="email-input"]') to be visible


       at ..\pages\BasePage.ts:53

      51 |    */
      52 |   async fillInput(locator: Locator, value: string) {
    > 53 |     await locator.waitFor({ state: 'visible' });
         |                   ^
      54 |     await locator.clear();
      55 |     await locator.fill(value);
      56 |   }
        at LoginPage.fillInput (E:\GitHub\Kiro AI Team\smart-erp\tests\pages\BasePage.ts:53:19)
        at LoginPage.login (E:\GitHub\Kiro AI Team\smart-erp\tests\pages\LoginPage.ts:51:16)
        at E:\GitHub\Kiro AI Team\smart-erp\tests\e2e\products\product-management.spec.ts:26:21

    attachment #1: screenshot (image/png) ──────────────────────────────────────────────────────────
    ..\..\test-results\products-product-managemen-527fe-hould-display-products-list-chromium\test-failed-1.png
    ────────────────────────────────────────────────────────────────────────────────────────────────

    attachment #2: video (video/webm) ──────────────────────────────────────────────────────────────
    ..\..\test-results\products-product-managemen-527fe-hould-display-products-list-chromium\video.webm
    ────────────────────────────────────────────────────────────────────────────────────────────────

    Error Context: ..\..\test-results\products-product-managemen-527fe-hould-display-products-list-chromium\error-context.md
]]>
</failure>
<system-out>
<![CDATA[
[[ATTACHMENT|test-results\products-product-managemen-527fe-hould-display-products-list-chromium\test-failed-1.png]]

[[ATTACHMENT|test-results\products-product-managemen-527fe-hould-display-products-list-chromium\video.webm]]

[[ATTACHMENT|test-results\products-product-managemen-527fe-hould-display-products-list-chromium\error-context.md]]
]]>
</system-out>
</testcase>
<testcase name="Product Management › should create new product successfully" classname="products\product-management.spec.ts" time="12.915">
<failure message="product-management.spec.ts:45:7 should create new product successfully" type="FAILURE">
<![CDATA[  [chromium] › products\product-management.spec.ts:45:7 › Product Management › should create new product successfully 

    TimeoutError: locator.waitFor: Timeout 10000ms exceeded.
    Call log:
      - waiting for locator('[data-testid="email-input"]') to be visible


       at ..\pages\BasePage.ts:53

      51 |    */
      52 |   async fillInput(locator: Locator, value: string) {
    > 53 |     await locator.waitFor({ state: 'visible' });
         |                   ^
      54 |     await locator.clear();
      55 |     await locator.fill(value);
      56 |   }
        at LoginPage.fillInput (E:\GitHub\Kiro AI Team\smart-erp\tests\pages\BasePage.ts:53:19)
        at LoginPage.login (E:\GitHub\Kiro AI Team\smart-erp\tests\pages\LoginPage.ts:51:16)
        at E:\GitHub\Kiro AI Team\smart-erp\tests\e2e\products\product-management.spec.ts:26:21

    attachment #1: screenshot (image/png) ──────────────────────────────────────────────────────────
    ..\..\test-results\products-product-managemen-f4610-te-new-product-successfully-chromium\test-failed-1.png
    ────────────────────────────────────────────────────────────────────────────────────────────────

    attachment #2: video (video/webm) ──────────────────────────────────────────────────────────────
    ..\..\test-results\products-product-managemen-f4610-te-new-product-successfully-chromium\video.webm
    ────────────────────────────────────────────────────────────────────────────────────────────────

    Error Context: ..\..\test-results\products-product-managemen-f4610-te-new-product-successfully-chromium\error-context.md
]]>
</failure>
<system-out>
<![CDATA[
[[ATTACHMENT|test-results\products-product-managemen-f4610-te-new-product-successfully-chromium\test-failed-1.png]]

[[ATTACHMENT|test-results\products-product-managemen-f4610-te-new-product-successfully-chromium\video.webm]]

[[ATTACHMENT|test-results\products-product-managemen-f4610-te-new-product-successfully-chromium\error-context.md]]
]]>
</system-out>
</testcase>
<testcase name="Product Management › should validate required fields" classname="products\product-management.spec.ts" time="12.84">
<failure message="product-management.spec.ts:69:7 should validate required fields" type="FAILURE">
<![CDATA[  [chromium] › products\product-management.spec.ts:69:7 › Product Management › should validate required fields 

    TimeoutError: locator.waitFor: Timeout 10000ms exceeded.
    Call log:
      - waiting for locator('[data-testid="email-input"]') to be visible


       at ..\pages\BasePage.ts:53

      51 |    */
      52 |   async fillInput(locator: Locator, value: string) {
    > 53 |     await locator.waitFor({ state: 'visible' });
         |                   ^
      54 |     await locator.clear();
      55 |     await locator.fill(value);
      56 |   }
        at LoginPage.fillInput (E:\GitHub\Kiro AI Team\smart-erp\tests\pages\BasePage.ts:53:19)
        at LoginPage.login (E:\GitHub\Kiro AI Team\smart-erp\tests\pages\LoginPage.ts:51:16)
        at E:\GitHub\Kiro AI Team\smart-erp\tests\e2e\products\product-management.spec.ts:26:21

    attachment #1: screenshot (image/png) ──────────────────────────────────────────────────────────
    ..\..\test-results\products-product-managemen-3c09e-ld-validate-required-fields-chromium\test-failed-1.png
    ────────────────────────────────────────────────────────────────────────────────────────────────

    attachment #2: video (video/webm) ──────────────────────────────────────────────────────────────
    ..\..\test-results\products-product-managemen-3c09e-ld-validate-required-fields-chromium\video.webm
    ────────────────────────────────────────────────────────────────────────────────────────────────

    Error Context: ..\..\test-results\products-product-managemen-3c09e-ld-validate-required-fields-chromium\error-context.md
]]>
</failure>
<system-out>
<![CDATA[
[[ATTACHMENT|test-results\products-product-managemen-3c09e-ld-validate-required-fields-chromium\test-failed-1.png]]

[[ATTACHMENT|test-results\products-product-managemen-3c09e-ld-validate-required-fields-chromium\video.webm]]

[[ATTACHMENT|test-results\products-product-managemen-3c09e-ld-validate-required-fields-chromium\error-context.md]]
]]>
</system-out>
</testcase>
<testcase name="Product Management › should search products" classname="products\product-management.spec.ts" time="12.865">
<failure message="product-management.spec.ts:81:7 should search products" type="FAILURE">
<![CDATA[  [chromium] › products\product-management.spec.ts:81:7 › Product Management › should search products 

    TimeoutError: locator.waitFor: Timeout 10000ms exceeded.
    Call log:
      - waiting for locator('[data-testid="email-input"]') to be visible


       at ..\pages\BasePage.ts:53

      51 |    */
      52 |   async fillInput(locator: Locator, value: string) {
    > 53 |     await locator.waitFor({ state: 'visible' });
         |                   ^
      54 |     await locator.clear();
      55 |     await locator.fill(value);
      56 |   }
        at LoginPage.fillInput (E:\GitHub\Kiro AI Team\smart-erp\tests\pages\BasePage.ts:53:19)
        at LoginPage.login (E:\GitHub\Kiro AI Team\smart-erp\tests\pages\LoginPage.ts:51:16)
        at E:\GitHub\Kiro AI Team\smart-erp\tests\e2e\products\product-management.spec.ts:26:21

    attachment #1: screenshot (image/png) ──────────────────────────────────────────────────────────
    ..\..\test-results\products-product-managemen-2e8a3-ment-should-search-products-chromium\test-failed-1.png
    ────────────────────────────────────────────────────────────────────────────────────────────────

    attachment #2: video (video/webm) ──────────────────────────────────────────────────────────────
    ..\..\test-results\products-product-managemen-2e8a3-ment-should-search-products-chromium\video.webm
    ────────────────────────────────────────────────────────────────────────────────────────────────

    Error Context: ..\..\test-results\products-product-managemen-2e8a3-ment-should-search-products-chromium\error-context.md
]]>
</failure>
<system-out>
<![CDATA[
[[ATTACHMENT|test-results\products-product-managemen-2e8a3-ment-should-search-products-chromium\test-failed-1.png]]

[[ATTACHMENT|test-results\products-product-managemen-2e8a3-ment-should-search-products-chromium\video.webm]]

[[ATTACHMENT|test-results\products-product-managemen-2e8a3-ment-should-search-products-chromium\error-context.md]]
]]>
</system-out>
</testcase>
<testcase name="Product Management › should edit product successfully" classname="products\product-management.spec.ts" time="12.933">
<failure message="product-management.spec.ts:96:7 should edit product successfully" type="FAILURE">
<![CDATA[  [chromium] › products\product-management.spec.ts:96:7 › Product Management › should edit product successfully 

    TimeoutError: locator.waitFor: Timeout 10000ms exceeded.
    Call log:
      - waiting for locator('[data-testid="email-input"]') to be visible


       at ..\pages\BasePage.ts:53

      51 |    */
      52 |   async fillInput(locator: Locator, value: string) {
    > 53 |     await locator.waitFor({ state: 'visible' });
         |                   ^
      54 |     await locator.clear();
      55 |     await locator.fill(value);
      56 |   }
        at LoginPage.fillInput (E:\GitHub\Kiro AI Team\smart-erp\tests\pages\BasePage.ts:53:19)
        at LoginPage.login (E:\GitHub\Kiro AI Team\smart-erp\tests\pages\LoginPage.ts:51:16)
        at E:\GitHub\Kiro AI Team\smart-erp\tests\e2e\products\product-management.spec.ts:26:21

    attachment #1: screenshot (image/png) ──────────────────────────────────────────────────────────
    ..\..\test-results\products-product-managemen-d0d91-d-edit-product-successfully-chromium\test-failed-1.png
    ────────────────────────────────────────────────────────────────────────────────────────────────

    attachment #2: video (video/webm) ──────────────────────────────────────────────────────────────
    ..\..\test-results\products-product-managemen-d0d91-d-edit-product-successfully-chromium\video.webm
    ────────────────────────────────────────────────────────────────────────────────────────────────

    Error Context: ..\..\test-results\products-product-managemen-d0d91-d-edit-product-successfully-chromium\error-context.md
]]>
</failure>
<system-out>
<![CDATA[
[[ATTACHMENT|test-results\products-product-managemen-d0d91-d-edit-product-successfully-chromium\test-failed-1.png]]

[[ATTACHMENT|test-results\products-product-managemen-d0d91-d-edit-product-successfully-chromium\video.webm]]

[[ATTACHMENT|test-results\products-product-managemen-d0d91-d-edit-product-successfully-chromium\error-context.md]]
]]>
</system-out>
</testcase>
<testcase name="Product Management › should delete product successfully" classname="products\product-management.spec.ts" time="12.853">
<failure message="product-management.spec.ts:128:7 should delete product successfully" type="FAILURE">
<![CDATA[  [chromium] › products\product-management.spec.ts:128:7 › Product Management › should delete product successfully 

    TimeoutError: locator.waitFor: Timeout 10000ms exceeded.
    Call log:
      - waiting for locator('[data-testid="email-input"]') to be visible


       at ..\pages\BasePage.ts:53

      51 |    */
      52 |   async fillInput(locator: Locator, value: string) {
    > 53 |     await locator.waitFor({ state: 'visible' });
         |                   ^
      54 |     await locator.clear();
      55 |     await locator.fill(value);
      56 |   }
        at LoginPage.fillInput (E:\GitHub\Kiro AI Team\smart-erp\tests\pages\BasePage.ts:53:19)
        at LoginPage.login (E:\GitHub\Kiro AI Team\smart-erp\tests\pages\LoginPage.ts:51:16)
        at E:\GitHub\Kiro AI Team\smart-erp\tests\e2e\products\product-management.spec.ts:26:21

    attachment #1: screenshot (image/png) ──────────────────────────────────────────────────────────
    ..\..\test-results\products-product-managemen-94fb9-delete-product-successfully-chromium\test-failed-1.png
    ────────────────────────────────────────────────────────────────────────────────────────────────

    attachment #2: video (video/webm) ──────────────────────────────────────────────────────────────
    ..\..\test-results\products-product-managemen-94fb9-delete-product-successfully-chromium\video.webm
    ────────────────────────────────────────────────────────────────────────────────────────────────

    Error Context: ..\..\test-results\products-product-managemen-94fb9-delete-product-successfully-chromium\error-context.md
]]>
</failure>
<system-out>
<![CDATA[
[[ATTACHMENT|test-results\products-product-managemen-94fb9-delete-product-successfully-chromium\test-failed-1.png]]

[[ATTACHMENT|test-results\products-product-managemen-94fb9-delete-product-successfully-chromium\video.webm]]

[[ATTACHMENT|test-results\products-product-managemen-94fb9-delete-product-successfully-chromium\error-context.md]]
]]>
</system-out>
</testcase>
<testcase name="Product Management › should validate price is positive number" classname="products\product-management.spec.ts" time="12.867">
<failure message="product-management.spec.ts:163:7 should validate price is positive number" type="FAILURE">
<![CDATA[  [chromium] › products\product-management.spec.ts:163:7 › Product Management › should validate price is positive number 

    TimeoutError: locator.waitFor: Timeout 10000ms exceeded.
    Call log:
      - waiting for locator('[data-testid="email-input"]') to be visible


       at ..\pages\BasePage.ts:53

      51 |    */
      52 |   async fillInput(locator: Locator, value: string) {
    > 53 |     await locator.waitFor({ state: 'visible' });
         |                   ^
      54 |     await locator.clear();
      55 |     await locator.fill(value);
      56 |   }
        at LoginPage.fillInput (E:\GitHub\Kiro AI Team\smart-erp\tests\pages\BasePage.ts:53:19)
        at LoginPage.login (E:\GitHub\Kiro AI Team\smart-erp\tests\pages\LoginPage.ts:51:16)
        at E:\GitHub\Kiro AI Team\smart-erp\tests\e2e\products\product-management.spec.ts:26:21

    attachment #1: screenshot (image/png) ──────────────────────────────────────────────────────────
    ..\..\test-results\products-product-managemen-ffe1a-te-price-is-positive-number-chromium\test-failed-1.png
    ────────────────────────────────────────────────────────────────────────────────────────────────

    attachment #2: video (video/webm) ──────────────────────────────────────────────────────────────
    ..\..\test-results\products-product-managemen-ffe1a-te-price-is-positive-number-chromium\video.webm
    ────────────────────────────────────────────────────────────────────────────────────────────────

    Error Context: ..\..\test-results\products-product-managemen-ffe1a-te-price-is-positive-number-chromium\error-context.md
]]>
</failure>
<system-out>
<![CDATA[
[[ATTACHMENT|test-results\products-product-managemen-ffe1a-te-price-is-positive-number-chromium\test-failed-1.png]]

[[ATTACHMENT|test-results\products-product-managemen-ffe1a-te-price-is-positive-number-chromium\video.webm]]

[[ATTACHMENT|test-results\products-product-managemen-ffe1a-te-price-is-positive-number-chromium\error-context.md]]
]]>
</system-out>
</testcase>
<testcase name="Product Management › should handle duplicate SKU error" classname="products\product-management.spec.ts" time="12.911">
<failure message="product-management.spec.ts:180:7 should handle duplicate SKU error" type="FAILURE">
<![CDATA[  [chromium] › products\product-management.spec.ts:180:7 › Product Management › should handle duplicate SKU error 

    TimeoutError: locator.waitFor: Timeout 10000ms exceeded.
    Call log:
      - waiting for locator('[data-testid="email-input"]') to be visible


       at ..\pages\BasePage.ts:53

      51 |    */
      52 |   async fillInput(locator: Locator, value: string) {
    > 53 |     await locator.waitFor({ state: 'visible' });
         |                   ^
      54 |     await locator.clear();
      55 |     await locator.fill(value);
      56 |   }
        at LoginPage.fillInput (E:\GitHub\Kiro AI Team\smart-erp\tests\pages\BasePage.ts:53:19)
        at LoginPage.login (E:\GitHub\Kiro AI Team\smart-erp\tests\pages\LoginPage.ts:51:16)
        at E:\GitHub\Kiro AI Team\smart-erp\tests\e2e\products\product-management.spec.ts:26:21

    attachment #1: screenshot (image/png) ──────────────────────────────────────────────────────────
    ..\..\test-results\products-product-managemen-917dd--handle-duplicate-SKU-error-chromium\test-failed-1.png
    ────────────────────────────────────────────────────────────────────────────────────────────────

    attachment #2: video (video/webm) ──────────────────────────────────────────────────────────────
    ..\..\test-results\products-product-managemen-917dd--handle-duplicate-SKU-error-chromium\video.webm
    ────────────────────────────────────────────────────────────────────────────────────────────────

    Error Context: ..\..\test-results\products-product-managemen-917dd--handle-duplicate-SKU-error-chromium\error-context.md
]]>
</failure>
<system-out>
<![CDATA[
[[ATTACHMENT|test-results\products-product-managemen-917dd--handle-duplicate-SKU-error-chromium\test-failed-1.png]]

[[ATTACHMENT|test-results\products-product-managemen-917dd--handle-duplicate-SKU-error-chromium\video.webm]]

[[ATTACHMENT|test-results\products-product-managemen-917dd--handle-duplicate-SKU-error-chromium\error-context.md]]
]]>
</system-out>
</testcase>
<testcase name="Product Management › should cancel product creation" classname="products\product-management.spec.ts" time="12.887">
<failure message="product-management.spec.ts:206:7 should cancel product creation" type="FAILURE">
<![CDATA[  [chromium] › products\product-management.spec.ts:206:7 › Product Management › should cancel product creation 

    TimeoutError: locator.waitFor: Timeout 10000ms exceeded.
    Call log:
      - waiting for locator('[data-testid="email-input"]') to be visible


       at ..\pages\BasePage.ts:53

      51 |    */
      52 |   async fillInput(locator: Locator, value: string) {
    > 53 |     await locator.waitFor({ state: 'visible' });
         |                   ^
      54 |     await locator.clear();
      55 |     await locator.fill(value);
      56 |   }
        at LoginPage.fillInput (E:\GitHub\Kiro AI Team\smart-erp\tests\pages\BasePage.ts:53:19)
        at LoginPage.login (E:\GitHub\Kiro AI Team\smart-erp\tests\pages\LoginPage.ts:51:16)
        at E:\GitHub\Kiro AI Team\smart-erp\tests\e2e\products\product-management.spec.ts:26:21

    attachment #1: screenshot (image/png) ──────────────────────────────────────────────────────────
    ..\..\test-results\products-product-managemen-8beba-uld-cancel-product-creation-chromium\test-failed-1.png
    ────────────────────────────────────────────────────────────────────────────────────────────────

    attachment #2: video (video/webm) ──────────────────────────────────────────────────────────────
    ..\..\test-results\products-product-managemen-8beba-uld-cancel-product-creation-chromium\video.webm
    ────────────────────────────────────────────────────────────────────────────────────────────────

    Error Context: ..\..\test-results\products-product-managemen-8beba-uld-cancel-product-creation-chromium\error-context.md
]]>
</failure>
<system-out>
<![CDATA[
[[ATTACHMENT|test-results\products-product-managemen-8beba-uld-cancel-product-creation-chromium\test-failed-1.png]]

[[ATTACHMENT|test-results\products-product-managemen-8beba-uld-cancel-product-creation-chromium\video.webm]]

[[ATTACHMENT|test-results\products-product-managemen-8beba-uld-cancel-product-creation-chromium\error-context.md]]
]]>
</system-out>
</testcase>
</testsuite>
</testsuites>