<testsuites id="" name="" tests="9" failures="9" skipped="0" errors="0" time="6.147705">
<testsuite name="dashboard.spec.ts" timestamp="2026-03-06T10:50:08.443Z" hostname="chromium" tests="9" failures="9" skipped="0" time="28.901" errors="0">
<testcase name="Dashboard › should display all KPI cards" classname="dashboard.spec.ts" time="3.218">
<failure message="dashboard.spec.ts:18:3 should display all KPI cards" type="FAILURE">
<![CDATA[  [chromium] › dashboard.spec.ts:18:3 › Dashboard › should display all KPI cards ───────────────────

    Error: page.goto: net::ERR_CONNECTION_REFUSED at http://localhost:5173/login
    Call log:
      - navigating to "http://localhost:5173/login", waiting until "load"


       9 |   test.beforeEach(async ({ page }) => {
      10 |     // Login before each test
    > 11 |     await page.goto('/login');
         |                ^
      12 |     await page.getByLabel(/email/i).fill('admin@example.com');
      13 |     await page.getByLabel(/password/i).fill('Admin123!');
      14 |     await page.getByRole('button', { name: /đăng nhập/i }).click();
        at E:\GitHub\QuanLyKhoTuongThachCao\smart-erp\frontend\e2e\dashboard.spec.ts:11:16

    attachment #1: screenshot (image/png) ──────────────────────────────────────────────────────────
    ..\test-results\dashboard-Dashboard-should-display-all-KPI-cards-chromium\test-failed-1.png
    ────────────────────────────────────────────────────────────────────────────────────────────────

    attachment #2: video (video/webm) ──────────────────────────────────────────────────────────────
    ..\test-results\dashboard-Dashboard-should-display-all-KPI-cards-chromium\video.webm
    ────────────────────────────────────────────────────────────────────────────────────────────────
]]>
</failure>
<system-out>
<![CDATA[
[[ATTACHMENT|..\test-results\dashboard-Dashboard-should-display-all-KPI-cards-chromium\test-failed-1.png]]

[[ATTACHMENT|..\test-results\dashboard-Dashboard-should-display-all-KPI-cards-chromium\video.webm]]
]]>
</system-out>
</testcase>
<testcase name="Dashboard › should display sales chart" classname="dashboard.spec.ts" time="3.252">
<failure message="dashboard.spec.ts:26:3 should display sales chart" type="FAILURE">
<![CDATA[  [chromium] › dashboard.spec.ts:26:3 › Dashboard › should display sales chart ─────────────────────

    Error: page.goto: net::ERR_CONNECTION_REFUSED at http://localhost:5173/login
    Call log:
      - navigating to "http://localhost:5173/login", waiting until "load"


       9 |   test.beforeEach(async ({ page }) => {
      10 |     // Login before each test
    > 11 |     await page.goto('/login');
         |                ^
      12 |     await page.getByLabel(/email/i).fill('admin@example.com');
      13 |     await page.getByLabel(/password/i).fill('Admin123!');
      14 |     await page.getByRole('button', { name: /đăng nhập/i }).click();
        at E:\GitHub\QuanLyKhoTuongThachCao\smart-erp\frontend\e2e\dashboard.spec.ts:11:16

    attachment #1: screenshot (image/png) ──────────────────────────────────────────────────────────
    ..\test-results\dashboard-Dashboard-should-display-sales-chart-chromium\test-failed-1.png
    ────────────────────────────────────────────────────────────────────────────────────────────────

    attachment #2: video (video/webm) ──────────────────────────────────────────────────────────────
    ..\test-results\dashboard-Dashboard-should-display-sales-chart-chromium\video.webm
    ────────────────────────────────────────────────────────────────────────────────────────────────
]]>
</failure>
<system-out>
<![CDATA[
[[ATTACHMENT|..\test-results\dashboard-Dashboard-should-display-sales-chart-chromium\test-failed-1.png]]

[[ATTACHMENT|..\test-results\dashboard-Dashboard-should-display-sales-chart-chromium\video.webm]]
]]>
</system-out>
</testcase>
<testcase name="Dashboard › should display top products table" classname="dashboard.spec.ts" time="3.18">
<failure message="dashboard.spec.ts:32:3 should display top products table" type="FAILURE">
<![CDATA[  [chromium] › dashboard.spec.ts:32:3 › Dashboard › should display top products table ──────────────

    Error: page.goto: net::ERR_CONNECTION_REFUSED at http://localhost:5173/login
    Call log:
      - navigating to "http://localhost:5173/login", waiting until "load"


       9 |   test.beforeEach(async ({ page }) => {
      10 |     // Login before each test
    > 11 |     await page.goto('/login');
         |                ^
      12 |     await page.getByLabel(/email/i).fill('admin@example.com');
      13 |     await page.getByLabel(/password/i).fill('Admin123!');
      14 |     await page.getByRole('button', { name: /đăng nhập/i }).click();
        at E:\GitHub\QuanLyKhoTuongThachCao\smart-erp\frontend\e2e\dashboard.spec.ts:11:16

    attachment #1: screenshot (image/png) ──────────────────────────────────────────────────────────
    ..\test-results\dashboard-Dashboard-should-display-top-products-table-chromium\test-failed-1.png
    ────────────────────────────────────────────────────────────────────────────────────────────────

    attachment #2: video (video/webm) ──────────────────────────────────────────────────────────────
    ..\test-results\dashboard-Dashboard-should-display-top-products-table-chromium\video.webm
    ────────────────────────────────────────────────────────────────────────────────────────────────
]]>
</failure>
<system-out>
<![CDATA[
[[ATTACHMENT|..\test-results\dashboard-Dashboard-should-display-top-products-table-chromium\test-failed-1.png]]

[[ATTACHMENT|..\test-results\dashboard-Dashboard-should-display-top-products-table-chromium\video.webm]]
]]>
</system-out>
</testcase>
<testcase name="Dashboard › should display top customers table" classname="dashboard.spec.ts" time="3.156">
<failure message="dashboard.spec.ts:40:3 should display top customers table" type="FAILURE">
<![CDATA[  [chromium] › dashboard.spec.ts:40:3 › Dashboard › should display top customers table ─────────────

    Error: page.goto: net::ERR_CONNECTION_REFUSED at http://localhost:5173/login
    Call log:
      - navigating to "http://localhost:5173/login", waiting until "load"


       9 |   test.beforeEach(async ({ page }) => {
      10 |     // Login before each test
    > 11 |     await page.goto('/login');
         |                ^
      12 |     await page.getByLabel(/email/i).fill('admin@example.com');
      13 |     await page.getByLabel(/password/i).fill('Admin123!');
      14 |     await page.getByRole('button', { name: /đăng nhập/i }).click();
        at E:\GitHub\QuanLyKhoTuongThachCao\smart-erp\frontend\e2e\dashboard.spec.ts:11:16

    attachment #1: screenshot (image/png) ──────────────────────────────────────────────────────────
    ..\test-results\dashboard-Dashboard-should-display-top-customers-table-chromium\test-failed-1.png
    ────────────────────────────────────────────────────────────────────────────────────────────────

    attachment #2: video (video/webm) ──────────────────────────────────────────────────────────────
    ..\test-results\dashboard-Dashboard-should-display-top-customers-table-chromium\video.webm
    ────────────────────────────────────────────────────────────────────────────────────────────────
]]>
</failure>
<system-out>
<![CDATA[
[[ATTACHMENT|..\test-results\dashboard-Dashboard-should-display-top-customers-table-chromium\test-failed-1.png]]

[[ATTACHMENT|..\test-results\dashboard-Dashboard-should-display-top-customers-table-chromium\video.webm]]
]]>
</system-out>
</testcase>
<testcase name="Dashboard › should navigate to products page from sidebar" classname="dashboard.spec.ts" time="3.21">
<failure message="dashboard.spec.ts:48:3 should navigate to products page from sidebar" type="FAILURE">
<![CDATA[  [chromium] › dashboard.spec.ts:48:3 › Dashboard › should navigate to products page from sidebar ──

    Error: page.goto: net::ERR_CONNECTION_REFUSED at http://localhost:5173/login
    Call log:
      - navigating to "http://localhost:5173/login", waiting until "load"


       9 |   test.beforeEach(async ({ page }) => {
      10 |     // Login before each test
    > 11 |     await page.goto('/login');
         |                ^
      12 |     await page.getByLabel(/email/i).fill('admin@example.com');
      13 |     await page.getByLabel(/password/i).fill('Admin123!');
      14 |     await page.getByRole('button', { name: /đăng nhập/i }).click();
        at E:\GitHub\QuanLyKhoTuongThachCao\smart-erp\frontend\e2e\dashboard.spec.ts:11:16

    attachment #1: screenshot (image/png) ──────────────────────────────────────────────────────────
    ..\test-results\dashboard-Dashboard-should-9ff5e--products-page-from-sidebar-chromium\test-failed-1.png
    ────────────────────────────────────────────────────────────────────────────────────────────────

    attachment #2: video (video/webm) ──────────────────────────────────────────────────────────────
    ..\test-results\dashboard-Dashboard-should-9ff5e--products-page-from-sidebar-chromium\video.webm
    ────────────────────────────────────────────────────────────────────────────────────────────────
]]>
</failure>
<system-out>
<![CDATA[
[[ATTACHMENT|..\test-results\dashboard-Dashboard-should-9ff5e--products-page-from-sidebar-chromium\test-failed-1.png]]

[[ATTACHMENT|..\test-results\dashboard-Dashboard-should-9ff5e--products-page-from-sidebar-chromium\video.webm]]
]]>
</system-out>
</testcase>
<testcase name="Dashboard › should navigate to orders page from sidebar" classname="dashboard.spec.ts" time="3.225">
<failure message="dashboard.spec.ts:53:3 should navigate to orders page from sidebar" type="FAILURE">
<![CDATA[  [chromium] › dashboard.spec.ts:53:3 › Dashboard › should navigate to orders page from sidebar ────

    Error: page.goto: net::ERR_CONNECTION_REFUSED at http://localhost:5173/login
    Call log:
      - navigating to "http://localhost:5173/login", waiting until "load"


       9 |   test.beforeEach(async ({ page }) => {
      10 |     // Login before each test
    > 11 |     await page.goto('/login');
         |                ^
      12 |     await page.getByLabel(/email/i).fill('admin@example.com');
      13 |     await page.getByLabel(/password/i).fill('Admin123!');
      14 |     await page.getByRole('button', { name: /đăng nhập/i }).click();
        at E:\GitHub\QuanLyKhoTuongThachCao\smart-erp\frontend\e2e\dashboard.spec.ts:11:16

    attachment #1: screenshot (image/png) ──────────────────────────────────────────────────────────
    ..\test-results\dashboard-Dashboard-should-5427b-to-orders-page-from-sidebar-chromium\test-failed-1.png
    ────────────────────────────────────────────────────────────────────────────────────────────────

    attachment #2: video (video/webm) ──────────────────────────────────────────────────────────────
    ..\test-results\dashboard-Dashboard-should-5427b-to-orders-page-from-sidebar-chromium\video.webm
    ────────────────────────────────────────────────────────────────────────────────────────────────
]]>
</failure>
<system-out>
<![CDATA[
[[ATTACHMENT|..\test-results\dashboard-Dashboard-should-5427b-to-orders-page-from-sidebar-chromium\test-failed-1.png]]

[[ATTACHMENT|..\test-results\dashboard-Dashboard-should-5427b-to-orders-page-from-sidebar-chromium\video.webm]]
]]>
</system-out>
</testcase>
<testcase name="Dashboard › should navigate to customers page from sidebar" classname="dashboard.spec.ts" time="3.24">
<failure message="dashboard.spec.ts:58:3 should navigate to customers page from sidebar" type="FAILURE">
<![CDATA[  [chromium] › dashboard.spec.ts:58:3 › Dashboard › should navigate to customers page from sidebar ─

    Error: page.goto: net::ERR_CONNECTION_REFUSED at http://localhost:5173/login
    Call log:
      - navigating to "http://localhost:5173/login", waiting until "load"


       9 |   test.beforeEach(async ({ page }) => {
      10 |     // Login before each test
    > 11 |     await page.goto('/login');
         |                ^
      12 |     await page.getByLabel(/email/i).fill('admin@example.com');
      13 |     await page.getByLabel(/password/i).fill('Admin123!');
      14 |     await page.getByRole('button', { name: /đăng nhập/i }).click();
        at E:\GitHub\QuanLyKhoTuongThachCao\smart-erp\frontend\e2e\dashboard.spec.ts:11:16

    attachment #1: screenshot (image/png) ──────────────────────────────────────────────────────────
    ..\test-results\dashboard-Dashboard-should-df4ca-customers-page-from-sidebar-chromium\test-failed-1.png
    ────────────────────────────────────────────────────────────────────────────────────────────────

    attachment #2: video (video/webm) ──────────────────────────────────────────────────────────────
    ..\test-results\dashboard-Dashboard-should-df4ca-customers-page-from-sidebar-chromium\video.webm
    ────────────────────────────────────────────────────────────────────────────────────────────────
]]>
</failure>
<system-out>
<![CDATA[
[[ATTACHMENT|..\test-results\dashboard-Dashboard-should-df4ca-customers-page-from-sidebar-chromium\test-failed-1.png]]

[[ATTACHMENT|..\test-results\dashboard-Dashboard-should-df4ca-customers-page-from-sidebar-chromium\video.webm]]
]]>
</system-out>
</testcase>
<testcase name="Dashboard › should refresh data when clicking refresh button" classname="dashboard.spec.ts" time="3.207">
<failure message="dashboard.spec.ts:63:3 should refresh data when clicking refresh button" type="FAILURE">
<![CDATA[  [chromium] › dashboard.spec.ts:63:3 › Dashboard › should refresh data when clicking refresh button 

    Error: page.goto: net::ERR_CONNECTION_REFUSED at http://localhost:5173/login
    Call log:
      - navigating to "http://localhost:5173/login", waiting until "load"


       9 |   test.beforeEach(async ({ page }) => {
      10 |     // Login before each test
    > 11 |     await page.goto('/login');
         |                ^
      12 |     await page.getByLabel(/email/i).fill('admin@example.com');
      13 |     await page.getByLabel(/password/i).fill('Admin123!');
      14 |     await page.getByRole('button', { name: /đăng nhập/i }).click();
        at E:\GitHub\QuanLyKhoTuongThachCao\smart-erp\frontend\e2e\dashboard.spec.ts:11:16

    attachment #1: screenshot (image/png) ──────────────────────────────────────────────────────────
    ..\test-results\dashboard-Dashboard-should-c54ae-hen-clicking-refresh-button-chromium\test-failed-1.png
    ────────────────────────────────────────────────────────────────────────────────────────────────

    attachment #2: video (video/webm) ──────────────────────────────────────────────────────────────
    ..\test-results\dashboard-Dashboard-should-c54ae-hen-clicking-refresh-button-chromium\video.webm
    ────────────────────────────────────────────────────────────────────────────────────────────────
]]>
</failure>
<system-out>
<![CDATA[
[[ATTACHMENT|..\test-results\dashboard-Dashboard-should-c54ae-hen-clicking-refresh-button-chromium\test-failed-1.png]]

[[ATTACHMENT|..\test-results\dashboard-Dashboard-should-c54ae-hen-clicking-refresh-button-chromium\video.webm]]
]]>
</system-out>
</testcase>
<testcase name="Dashboard › should be responsive on mobile" classname="dashboard.spec.ts" time="3.213">
<failure message="dashboard.spec.ts:77:3 should be responsive on mobile" type="FAILURE">
<![CDATA[  [chromium] › dashboard.spec.ts:77:3 › Dashboard › should be responsive on mobile ─────────────────

    Error: page.goto: net::ERR_CONNECTION_REFUSED at http://localhost:5173/login
    Call log:
      - navigating to "http://localhost:5173/login", waiting until "load"


       9 |   test.beforeEach(async ({ page }) => {
      10 |     // Login before each test
    > 11 |     await page.goto('/login');
         |                ^
      12 |     await page.getByLabel(/email/i).fill('admin@example.com');
      13 |     await page.getByLabel(/password/i).fill('Admin123!');
      14 |     await page.getByRole('button', { name: /đăng nhập/i }).click();
        at E:\GitHub\QuanLyKhoTuongThachCao\smart-erp\frontend\e2e\dashboard.spec.ts:11:16

    attachment #1: screenshot (image/png) ──────────────────────────────────────────────────────────
    ..\test-results\dashboard-Dashboard-should-be-responsive-on-mobile-chromium\test-failed-1.png
    ────────────────────────────────────────────────────────────────────────────────────────────────

    attachment #2: video (video/webm) ──────────────────────────────────────────────────────────────
    ..\test-results\dashboard-Dashboard-should-be-responsive-on-mobile-chromium\video.webm
    ────────────────────────────────────────────────────────────────────────────────────────────────
]]>
</failure>
<system-out>
<![CDATA[
[[ATTACHMENT|..\test-results\dashboard-Dashboard-should-be-responsive-on-mobile-chromium\test-failed-1.png]]

[[ATTACHMENT|..\test-results\dashboard-Dashboard-should-be-responsive-on-mobile-chromium\video.webm]]
]]>
</system-out>
</testcase>
</testsuite>
</testsuites>